2024-11-27 22:01:37 [background-preinit] INFO  o.h.validator.internal.util.Version - HV000001: Hibernate Validator 8.0.1.Final
2024-11-27 22:01:37 [restartedMain] INFO  com.demo.folder.App - Starting App using Java 17.0.12 with PID 33496 (C:\Users\latar\IdeaProjects\GymApplication\build\classes\java\main started by latar in C:\Users\latar\IdeaProjects\GymApplication)
2024-11-27 22:01:37 [restartedMain] INFO  com.demo.folder.App - The following 1 profile is active: "local"
2024-11-27 22:01:37 [restartedMain] INFO  o.s.b.d.e.DevToolsPropertyDefaultsPostProcessor - Devtools property defaults active! Set 'spring.devtools.add-properties' to 'false' to disable
2024-11-27 22:01:37 [restartedMain] INFO  o.s.b.d.e.DevToolsPropertyDefaultsPostProcessor - For additional web related logging consider setting the 'logging.level.web' property to 'DEBUG'
2024-11-27 22:01:38 [restartedMain] INFO  o.s.d.r.c.RepositoryConfigurationDelegate - Bootstrapping Spring Data JPA repositories in DEFAULT mode.
2024-11-27 22:01:38 [restartedMain] INFO  o.s.d.r.c.RepositoryConfigurationDelegate - Finished Spring Data repository scanning in 134 ms. Found 6 JPA repository interfaces.
2024-11-27 22:01:39 [restartedMain] INFO  o.s.cloud.context.scope.GenericScope - BeanFactory id=967da02e-a57f-3563-a349-bcec38924c0f
2024-11-27 22:01:39 [restartedMain] INFO  o.s.c.s.PostProcessorRegistrationDelegate$BeanPostProcessorChecker - Bean 'com.demo.folder.client.SecondaryMicroserviceClient' of type [org.springframework.cloud.openfeign.FeignClientFactoryBean] is not eligible for getting processed by all BeanPostProcessors (for example: not eligible for auto-proxying)
2024-11-27 22:01:39 [restartedMain] INFO  o.s.b.w.e.tomcat.TomcatWebServer - Tomcat initialized with port(s): 8080 (http)
2024-11-27 22:01:39 [restartedMain] INFO  o.a.coyote.http11.Http11NioProtocol - Initializing ProtocolHandler ["http-nio-8080"]
2024-11-27 22:01:39 [restartedMain] INFO  o.a.catalina.core.StandardService - Starting service [Tomcat]
2024-11-27 22:01:39 [restartedMain] INFO  o.a.catalina.core.StandardEngine - Starting Servlet engine: [Apache Tomcat/10.1.12]
2024-11-27 22:01:39 [restartedMain] INFO  o.a.c.c.C.[Tomcat].[localhost].[/] - Initializing Spring embedded WebApplicationContext
2024-11-27 22:01:39 [restartedMain] INFO  o.s.b.w.s.c.ServletWebServerApplicationContext - Root WebApplicationContext: initialization completed in 1816 ms
2024-11-27 22:01:39 [restartedMain] INFO  c.d.f.config.profiles.LocalConfig - Local Configuration is active
2024-11-27 22:01:39 [restartedMain] INFO  c.d.f.config.profiles.LocalConfig - Setting up DataSource for LOCAL environment
2024-11-27 22:01:39 [restartedMain] INFO  c.d.f.config.profiles.LocalConfig - DB URL: jdbc:h2:mem:localdb;DB_CLOSE_DELAY=-1
2024-11-27 22:01:39 [restartedMain] INFO  c.d.f.config.profiles.LocalConfig - DB Username: sa
2024-11-27 22:01:39 [restartedMain] INFO  o.s.b.a.h.H2ConsoleAutoConfiguration - H2 console available at '/h2-console'. Database available at 'jdbc:h2:mem:localdb'
2024-11-27 22:01:39 [restartedMain] INFO  o.h.jpa.internal.util.LogHelper - HHH000204: Processing PersistenceUnitInfo [name: default]
2024-11-27 22:01:40 [restartedMain] INFO  org.hibernate.Version - HHH000412: Hibernate ORM core version 6.2.0.Final
2024-11-27 22:01:40 [restartedMain] INFO  org.hibernate.cfg.Environment - HHH000406: Using bytecode reflection optimizer
2024-11-27 22:01:40 [restartedMain] INFO  o.h.b.i.BytecodeProviderInitiator - HHH000021: Bytecode provider name : bytebuddy
2024-11-27 22:01:40 [restartedMain] INFO  o.s.o.j.p.SpringPersistenceUnitInfo - No LoadTimeWeaver setup: ignoring JPA class transformer
2024-11-27 22:01:40 [restartedMain] INFO  SQL dialect - HHH000400: Using dialect: org.hibernate.dialect.H2Dialect
2024-11-27 22:01:40 [restartedMain] INFO  o.h.b.i.BytecodeProviderInitiator - HHH000021: Bytecode provider name : bytebuddy
2024-11-27 22:01:41 [restartedMain] INFO  o.h.e.t.j.p.i.JtaPlatformInitiator - HHH000490: Using JtaPlatform implementation: [org.hibernate.engine.transaction.jta.platform.internal.NoJtaPlatform]
2024-11-27 22:01:41 [restartedMain] INFO  o.s.o.j.LocalContainerEntityManagerFactoryBean - Initialized JPA EntityManagerFactory for persistence unit 'default'
2024-11-27 22:01:41 [restartedMain] INFO  SQL dialect - HHH000400: Using dialect: org.hibernate.dialect.H2Dialect
2024-11-27 22:01:41 [restartedMain] INFO  o.h.b.i.BytecodeProviderInitiator - HHH000021: Bytecode provider name : bytebuddy
2024-11-27 22:01:41 [restartedMain] INFO  o.h.e.t.j.p.i.JtaPlatformInitiator - HHH000490: Using JtaPlatform implementation: [org.hibernate.engine.transaction.jta.platform.internal.NoJtaPlatform]
2024-11-27 22:01:41 [restartedMain] INFO  o.s.d.j.r.query.QueryEnhancerFactory - Hibernate is in classpath; If applicable, HQL parser will be used.
2024-11-27 22:01:42 [restartedMain] INFO  c.demo.folder.service.TraineeService - TraineeService initialized.
2024-11-27 22:01:43 [restartedMain] INFO  o.s.b.d.a.OptionalLiveReloadServer - LiveReload server is running on port 35729
2024-11-27 22:01:43 [restartedMain] INFO  o.s.c.o.FeignClientFactoryBean - For 'workload' URL not provided. Will try picking an instance via load-balancing.
2024-11-27 22:01:43 [restartedMain] INFO  c.d.f.health.EnvProfileServiceCheck - Currently active profile - [local]
2024-11-27 22:01:43 [restartedMain] INFO  o.s.s.web.DefaultSecurityFilterChain - Will secure any request with [org.springframework.security.web.session.DisableEncodeUrlFilter@3a2a925a, org.springframework.security.web.context.request.async.WebAsyncManagerIntegrationFilter@b160630, org.springframework.security.web.context.SecurityContextHolderFilter@66a67e52, org.springframework.security.web.header.HeaderWriterFilter@42146b04, org.springframework.security.web.authentication.logout.LogoutFilter@76f553d7, com.demo.folder.utils.BlockUserFilter@ca5fcb3, org.springframework.web.filter.CorsFilter@31ccea36, org.springframework.security.web.authentication.UsernamePasswordAuthenticationFilter@71b816b1, org.springframework.security.web.savedrequest.RequestCacheAwareFilter@64262e0c, org.springframework.security.web.servletapi.SecurityContextHolderAwareRequestFilter@2d0659b3, org.springframework.security.web.authentication.AnonymousAuthenticationFilter@380ab185, org.springframework.security.web.session.SessionManagementFilter@69c56aea, org.springframework.security.web.access.ExceptionTranslationFilter@3f02d161, org.springframework.security.web.access.intercept.AuthorizationFilter@236140cb]
2024-11-27 22:01:44 [restartedMain] INFO  o.s.c.n.e.c.DiscoveryClientOptionalArgsConfiguration - Eureka HTTP Client uses RestTemplate.
2024-11-27 22:01:44 [restartedMain] WARN  o.s.c.l.c.LoadBalancerCacheAutoConfiguration$LoadBalancerCaffeineWarnLogger - Spring Cloud LoadBalancer is currently working with the default cache. While this cache implementation is useful for development and tests, it's recommended to use Caffeine cache in production.You can switch to using Caffeine cache, by adding it and org.springframework.cache.caffeine.CaffeineCacheManager to the classpath.
2024-11-27 22:01:44 [restartedMain] INFO  o.s.b.a.e.web.EndpointLinksResolver - Exposing 3 endpoint(s) beneath base path '/actuator'
2024-11-27 22:01:44 [restartedMain] INFO  o.s.c.n.eureka.InstanceInfoFactory - Setting initial instance status as: STARTING
2024-11-27 22:01:44 [restartedMain] INFO  c.netflix.discovery.DiscoveryClient - Initializing Eureka in region us-east-1
2024-11-27 22:01:44 [restartedMain] INFO  c.n.d.s.r.aws.ConfigClusterResolver - Resolving eureka endpoints via configuration
2024-11-27 22:01:44 [restartedMain] INFO  c.netflix.discovery.DiscoveryClient - Disable delta property : false
2024-11-27 22:01:44 [restartedMain] INFO  c.netflix.discovery.DiscoveryClient - Single vip registry refresh property : null
2024-11-27 22:01:44 [restartedMain] INFO  c.netflix.discovery.DiscoveryClient - Force full registry fetch : false
2024-11-27 22:01:44 [restartedMain] INFO  c.netflix.discovery.DiscoveryClient - Application is null : false
2024-11-27 22:01:44 [restartedMain] INFO  c.netflix.discovery.DiscoveryClient - Registered Applications size is zero : true
2024-11-27 22:01:44 [restartedMain] INFO  c.netflix.discovery.DiscoveryClient - Application version is -1: true
2024-11-27 22:01:44 [restartedMain] INFO  c.netflix.discovery.DiscoveryClient - Getting all instance registry info from the eureka server
2024-11-27 22:01:44 [restartedMain] INFO  c.netflix.discovery.DiscoveryClient - The response status is 200
2024-11-27 22:01:44 [restartedMain] INFO  c.netflix.discovery.DiscoveryClient - Starting heartbeat executor: renew interval is: 30
2024-11-27 22:01:44 [restartedMain] INFO  c.n.discovery.InstanceInfoReplicator - InstanceInfoReplicator onDemand update allowed rate per min is 4
2024-11-27 22:01:44 [restartedMain] INFO  c.netflix.discovery.DiscoveryClient - Discovery Client initialized at timestamp 1732730504688 with initial instances count: 1
2024-11-27 22:01:44 [restartedMain] INFO  o.s.c.n.e.s.EurekaServiceRegistry - Registering application GYMCCRM with eureka with status UP
2024-11-27 22:01:44 [restartedMain] INFO  c.netflix.discovery.DiscoveryClient - Saw local status change event StatusChangeEvent [timestamp=1732730504693, current=UP, previous=STARTING]
2024-11-27 22:01:44 [DiscoveryClient-InstanceInfoReplicator-0] INFO  c.netflix.discovery.DiscoveryClient - DiscoveryClient_GYMCCRM/IDoctor:gymcCRM: registering service...
2024-11-27 22:01:44 [restartedMain] INFO  o.a.coyote.http11.Http11NioProtocol - Starting ProtocolHandler ["http-nio-8080"]
2024-11-27 22:01:44 [restartedMain] INFO  o.s.b.w.e.tomcat.TomcatWebServer - Tomcat started on port(s): 8080 (http) with context path ''
2024-11-27 22:01:44 [restartedMain] INFO  o.s.c.n.e.s.EurekaAutoServiceRegistration - Updating port to 8080
2024-11-27 22:01:44 [DiscoveryClient-InstanceInfoReplicator-0] INFO  c.netflix.discovery.DiscoveryClient - DiscoveryClient_GYMCCRM/IDoctor:gymcCRM - registration status: 204
2024-11-27 22:01:44 [restartedMain] INFO  com.demo.folder.App - Started App in 7.478 seconds (process running for 8.408)
2024-11-27 22:01:44 [http-nio-8080-exec-1] INFO  o.a.c.c.C.[Tomcat].[localhost].[/] - Initializing Spring DispatcherServlet 'dispatcherServlet'
2024-11-27 22:01:44 [http-nio-8080-exec-1] INFO  o.s.web.servlet.DispatcherServlet - Initializing Servlet 'dispatcherServlet'
2024-11-27 22:01:44 [http-nio-8080-exec-1] INFO  o.s.web.servlet.DispatcherServlet - Completed initialization in 2 ms
2024-11-27 22:01:44 [http-nio-8080-exec-1] INFO  c.demo.folder.utils.BlockUserFilter - doFilterInterval 1
2024-11-27 22:01:44 [http-nio-8080-exec-1] INFO  c.demo.folder.utils.BlockUserFilter - doFilterInterval 4
2024-11-27 22:01:44 [http-nio-8080-exec-1] INFO  c.d.f.transaction.TransactionFilter - Starting transaction with ID: 8fd2ccdc-293d-42b9-854b-727dc5400e78
2024-11-27 22:01:44 [http-nio-8080-exec-1] INFO  c.d.f.t.RequestLoggingInterceptor - Transaction ID: 8fd2ccdc-293d-42b9-854b-727dc5400e78 | Incoming request: GET /swagger-ui.html
2024-11-27 22:01:44 [http-nio-8080-exec-1] INFO  c.d.f.t.RequestLoggingInterceptor - Transaction ID: 8fd2ccdc-293d-42b9-854b-727dc5400e78 | Response status: 302
2024-11-27 22:01:44 [http-nio-8080-exec-1] INFO  c.d.f.transaction.TransactionFilter - Transaction with ID: 8fd2ccdc-293d-42b9-854b-727dc5400e78 completed.
2024-11-27 22:01:49 [http-nio-8080-exec-2] INFO  c.demo.folder.utils.BlockUserFilter - doFilterInterval 1
2024-11-27 22:01:49 [http-nio-8080-exec-2] INFO  c.demo.folder.utils.BlockUserFilter - doFilterInterval 4
2024-11-27 22:01:49 [http-nio-8080-exec-2] INFO  c.d.f.transaction.TransactionFilter - Starting transaction with ID: 1755e25d-eb81-4c70-b4f8-7b20037ec182
2024-11-27 22:01:49 [http-nio-8080-exec-2] INFO  c.d.f.t.RequestLoggingInterceptor - Transaction ID: 1755e25d-eb81-4c70-b4f8-7b20037ec182 | Incoming request: GET /swagger-ui.html
2024-11-27 22:01:49 [http-nio-8080-exec-2] INFO  c.d.f.t.RequestLoggingInterceptor - Transaction ID: 1755e25d-eb81-4c70-b4f8-7b20037ec182 | Response status: 302
2024-11-27 22:01:49 [http-nio-8080-exec-2] INFO  c.d.f.transaction.TransactionFilter - Transaction with ID: 1755e25d-eb81-4c70-b4f8-7b20037ec182 completed.
2024-11-27 22:01:49 [http-nio-8080-exec-3] INFO  c.demo.folder.utils.BlockUserFilter - doFilterInterval 1
2024-11-27 22:01:49 [http-nio-8080-exec-3] INFO  c.demo.folder.utils.BlockUserFilter - doFilterInterval 4
2024-11-27 22:01:49 [http-nio-8080-exec-3] INFO  c.d.f.transaction.TransactionFilter - Starting transaction with ID: 1e6072df-f300-4026-80ca-6f48fcb715b9
2024-11-27 22:01:49 [http-nio-8080-exec-3] INFO  c.d.f.t.RequestLoggingInterceptor - Transaction ID: 1e6072df-f300-4026-80ca-6f48fcb715b9 | Incoming request: GET /swagger-ui/index.html
2024-11-27 22:01:49 [http-nio-8080-exec-3] INFO  c.d.f.t.RequestLoggingInterceptor - Transaction ID: 1e6072df-f300-4026-80ca-6f48fcb715b9 | Response status: 200
2024-11-27 22:01:49 [http-nio-8080-exec-3] INFO  c.d.f.transaction.TransactionFilter - Transaction with ID: 1e6072df-f300-4026-80ca-6f48fcb715b9 completed.
2024-11-27 22:01:49 [http-nio-8080-exec-6] INFO  c.demo.folder.utils.BlockUserFilter - doFilterInterval 1
2024-11-27 22:01:49 [http-nio-8080-exec-4] INFO  c.demo.folder.utils.BlockUserFilter - doFilterInterval 1
2024-11-27 22:01:49 [http-nio-8080-exec-6] INFO  c.demo.folder.utils.BlockUserFilter - doFilterInterval 4
2024-11-27 22:01:49 [http-nio-8080-exec-4] INFO  c.demo.folder.utils.BlockUserFilter - doFilterInterval 4
2024-11-27 22:01:49 [http-nio-8080-exec-5] INFO  c.demo.folder.utils.BlockUserFilter - doFilterInterval 1
2024-11-27 22:01:49 [http-nio-8080-exec-5] INFO  c.demo.folder.utils.BlockUserFilter - doFilterInterval 4
2024-11-27 22:01:49 [http-nio-8080-exec-4] INFO  c.d.f.transaction.TransactionFilter - Starting transaction with ID: e135b800-0f6e-4a89-9896-87ce5c7c0ddd
2024-11-27 22:01:49 [http-nio-8080-exec-6] INFO  c.d.f.transaction.TransactionFilter - Starting transaction with ID: 84e741df-8046-47ac-827a-4cc071b4d00e
2024-11-27 22:01:49 [http-nio-8080-exec-5] INFO  c.d.f.transaction.TransactionFilter - Starting transaction with ID: 6065ab98-aedc-42bc-8b01-989686143642
2024-11-27 22:01:49 [http-nio-8080-exec-6] INFO  c.d.f.t.RequestLoggingInterceptor - Transaction ID: 84e741df-8046-47ac-827a-4cc071b4d00e | Incoming request: GET /swagger-ui/index.css
2024-11-27 22:01:49 [http-nio-8080-exec-4] INFO  c.d.f.t.RequestLoggingInterceptor - Transaction ID: e135b800-0f6e-4a89-9896-87ce5c7c0ddd | Incoming request: GET /swagger-ui/swagger-ui.css
2024-11-27 22:01:49 [http-nio-8080-exec-5] INFO  c.d.f.t.RequestLoggingInterceptor - Transaction ID: 6065ab98-aedc-42bc-8b01-989686143642 | Incoming request: GET /swagger-ui/swagger-ui-bundle.js
2024-11-27 22:01:49 [http-nio-8080-exec-6] INFO  c.d.f.t.RequestLoggingInterceptor - Transaction ID: 84e741df-8046-47ac-827a-4cc071b4d00e | Response status: 200
2024-11-27 22:01:49 [http-nio-8080-exec-6] INFO  c.d.f.transaction.TransactionFilter - Transaction with ID: 84e741df-8046-47ac-827a-4cc071b4d00e completed.
2024-11-27 22:01:49 [http-nio-8080-exec-4] INFO  c.d.f.t.RequestLoggingInterceptor - Transaction ID: e135b800-0f6e-4a89-9896-87ce5c7c0ddd | Response status: 200
2024-11-27 22:01:49 [http-nio-8080-exec-4] INFO  c.d.f.transaction.TransactionFilter - Transaction with ID: e135b800-0f6e-4a89-9896-87ce5c7c0ddd completed.
2024-11-27 22:01:49 [http-nio-8080-exec-7] INFO  c.demo.folder.utils.BlockUserFilter - doFilterInterval 1
2024-11-27 22:01:49 [http-nio-8080-exec-7] INFO  c.demo.folder.utils.BlockUserFilter - doFilterInterval 4
2024-11-27 22:01:49 [http-nio-8080-exec-7] INFO  c.d.f.transaction.TransactionFilter - Starting transaction with ID: 123a8617-d9d5-467a-a159-56fd96d56a5a
2024-11-27 22:01:49 [http-nio-8080-exec-7] INFO  c.d.f.t.RequestLoggingInterceptor - Transaction ID: 123a8617-d9d5-467a-a159-56fd96d56a5a | Incoming request: GET /swagger-ui/swagger-ui-standalone-preset.js
2024-11-27 22:01:49 [http-nio-8080-exec-8] INFO  c.demo.folder.utils.BlockUserFilter - doFilterInterval 1
2024-11-27 22:01:49 [http-nio-8080-exec-8] INFO  c.demo.folder.utils.BlockUserFilter - doFilterInterval 4
2024-11-27 22:01:49 [http-nio-8080-exec-8] INFO  c.d.f.transaction.TransactionFilter - Starting transaction with ID: 9b345987-747b-4313-b207-00f237ca945f
2024-11-27 22:01:49 [http-nio-8080-exec-5] INFO  c.d.f.t.RequestLoggingInterceptor - Transaction ID: 6065ab98-aedc-42bc-8b01-989686143642 | Response status: 200
2024-11-27 22:01:49 [http-nio-8080-exec-5] INFO  c.d.f.transaction.TransactionFilter - Transaction with ID: 6065ab98-aedc-42bc-8b01-989686143642 completed.
2024-11-27 22:01:49 [http-nio-8080-exec-8] INFO  c.d.f.t.RequestLoggingInterceptor - Transaction ID: 9b345987-747b-4313-b207-00f237ca945f | Incoming request: GET /swagger-ui/swagger-initializer.js
2024-11-27 22:01:49 [http-nio-8080-exec-7] INFO  c.d.f.t.RequestLoggingInterceptor - Transaction ID: 123a8617-d9d5-467a-a159-56fd96d56a5a | Response status: 200
2024-11-27 22:01:49 [http-nio-8080-exec-7] INFO  c.d.f.transaction.TransactionFilter - Transaction with ID: 123a8617-d9d5-467a-a159-56fd96d56a5a completed.
2024-11-27 22:01:49 [http-nio-8080-exec-8] INFO  c.d.f.t.RequestLoggingInterceptor - Transaction ID: 9b345987-747b-4313-b207-00f237ca945f | Response status: 200
2024-11-27 22:01:49 [http-nio-8080-exec-8] INFO  c.d.f.transaction.TransactionFilter - Transaction with ID: 9b345987-747b-4313-b207-00f237ca945f completed.
2024-11-27 22:01:49 [http-nio-8080-exec-2] INFO  c.demo.folder.utils.BlockUserFilter - doFilterInterval 1
2024-11-27 22:01:49 [http-nio-8080-exec-2] INFO  c.demo.folder.utils.BlockUserFilter - doFilterInterval 4
2024-11-27 22:01:49 [http-nio-8080-exec-2] INFO  c.d.f.transaction.TransactionFilter - Starting transaction with ID: e71a5f6a-1d83-44d2-9ded-e9ff3c64e9e3
2024-11-27 22:01:49 [http-nio-8080-exec-2] INFO  c.d.f.t.RequestLoggingInterceptor - Transaction ID: e71a5f6a-1d83-44d2-9ded-e9ff3c64e9e3 | Incoming request: GET /v3/api-docs/swagger-config
2024-11-27 22:01:49 [http-nio-8080-exec-2] INFO  c.d.f.t.RequestLoggingInterceptor - Transaction ID: e71a5f6a-1d83-44d2-9ded-e9ff3c64e9e3 | Response status: 200
2024-11-27 22:01:49 [http-nio-8080-exec-2] INFO  c.d.f.transaction.TransactionFilter - Transaction with ID: e71a5f6a-1d83-44d2-9ded-e9ff3c64e9e3 completed.
2024-11-27 22:01:49 [http-nio-8080-exec-3] INFO  c.demo.folder.utils.BlockUserFilter - doFilterInterval 1
2024-11-27 22:01:49 [http-nio-8080-exec-3] INFO  c.demo.folder.utils.BlockUserFilter - doFilterInterval 4
2024-11-27 22:01:49 [http-nio-8080-exec-3] INFO  c.d.f.transaction.TransactionFilter - Starting transaction with ID: 72750d1e-15e6-44f7-8564-709bb3143a0b
2024-11-27 22:01:49 [http-nio-8080-exec-3] INFO  c.d.f.t.RequestLoggingInterceptor - Transaction ID: 72750d1e-15e6-44f7-8564-709bb3143a0b | Incoming request: GET /v3/api-docs
2024-11-27 22:01:49 [http-nio-8080-exec-3] INFO  o.s.api.AbstractOpenApiResource - Init duration for springdoc-openapi is: 246 ms
2024-11-27 22:01:49 [http-nio-8080-exec-3] INFO  c.d.f.t.RequestLoggingInterceptor - Transaction ID: 72750d1e-15e6-44f7-8564-709bb3143a0b | Response status: 200
2024-11-27 22:01:49 [http-nio-8080-exec-3] INFO  c.d.f.transaction.TransactionFilter - Transaction with ID: 72750d1e-15e6-44f7-8564-709bb3143a0b completed.
2024-11-27 22:01:59 [http-nio-8080-exec-6] INFO  c.demo.folder.utils.BlockUserFilter - doFilterInterval 1
2024-11-27 22:01:59 [http-nio-8080-exec-6] INFO  c.demo.folder.utils.BlockUserFilter - doFilterInterval 2
2024-11-27 22:01:59 [http-nio-8080-exec-6] INFO  c.d.f.service.LoginAttemptService - No lock timestamp found for user admin, not currently blocked.
2024-11-27 22:01:59 [http-nio-8080-exec-6] INFO  c.demo.folder.utils.BlockUserFilter - doFilterInterval 4
2024-11-27 22:02:04 [http-nio-8080-exec-5] INFO  c.demo.folder.utils.BlockUserFilter - doFilterInterval 1
2024-11-27 22:02:04 [http-nio-8080-exec-5] INFO  c.demo.folder.utils.BlockUserFilter - doFilterInterval 4
2024-11-27 22:02:04 [http-nio-8080-exec-5] INFO  c.d.f.transaction.TransactionFilter - Starting transaction with ID: bca42423-58f2-4145-bf0f-9449c3ed9e68
2024-11-27 22:02:04 [http-nio-8080-exec-5] INFO  c.d.f.t.RequestLoggingInterceptor - Transaction ID: bca42423-58f2-4145-bf0f-9449c3ed9e68 | Incoming request: POST /api/training-type
2024-11-27 22:02:04 [http-nio-8080-exec-5] INFO  c.d.f.service.TrainingTypeService - Creating new training type: string
2024-11-27 22:02:04 [http-nio-8080-exec-5] INFO  c.d.f.t.RequestLoggingInterceptor - Transaction ID: bca42423-58f2-4145-bf0f-9449c3ed9e68 | Response status: 201
2024-11-27 22:02:04 [http-nio-8080-exec-5] INFO  c.d.f.transaction.TransactionFilter - Transaction with ID: bca42423-58f2-4145-bf0f-9449c3ed9e68 completed.
2024-11-27 22:02:18 [http-nio-8080-exec-8] INFO  c.demo.folder.utils.BlockUserFilter - doFilterInterval 1
2024-11-27 22:02:18 [http-nio-8080-exec-8] INFO  c.demo.folder.utils.BlockUserFilter - doFilterInterval 4
2024-11-27 22:02:18 [http-nio-8080-exec-8] INFO  c.d.f.transaction.TransactionFilter - Starting transaction with ID: e008644a-1cc1-4470-ab81-56d3fd40bf18
2024-11-27 22:02:18 [http-nio-8080-exec-8] INFO  c.d.f.t.RequestLoggingInterceptor - Transaction ID: e008644a-1cc1-4470-ab81-56d3fd40bf18 | Incoming request: POST /api/trainers
2024-11-27 22:02:18 [http-nio-8080-exec-8] INFO  c.demo.folder.service.TrainerService - Creating new Trainer with first name: Ilia
2024-11-27 22:02:18 [http-nio-8080-exec-8] INFO  c.d.f.service.LoginAttemptService - Cleared login attempts and locks for user Ilia.Lataria-08da91ba
2024-11-27 22:02:18 [http-nio-8080-exec-8] INFO  c.d.f.t.RequestLoggingInterceptor - Transaction ID: e008644a-1cc1-4470-ab81-56d3fd40bf18 | Response status: 201
2024-11-27 22:02:18 [http-nio-8080-exec-8] INFO  c.d.f.transaction.TransactionFilter - Transaction with ID: e008644a-1cc1-4470-ab81-56d3fd40bf18 completed.
2024-11-27 22:02:36 [http-nio-8080-exec-1] INFO  c.demo.folder.utils.BlockUserFilter - doFilterInterval 1
2024-11-27 22:02:36 [http-nio-8080-exec-1] INFO  c.demo.folder.utils.BlockUserFilter - doFilterInterval 4
2024-11-27 22:02:36 [http-nio-8080-exec-1] INFO  c.d.f.transaction.TransactionFilter - Starting transaction with ID: a4113c14-c752-4591-869f-2263b54bff49
2024-11-27 22:02:36 [http-nio-8080-exec-1] INFO  c.d.f.t.RequestLoggingInterceptor - Transaction ID: a4113c14-c752-4591-869f-2263b54bff49 | Incoming request: POST /api/trainings/session
2024-11-27 22:02:36 [http-nio-8080-exec-1] INFO  c.d.f.service.TrainingSessionService - Creating new training session
2024-11-27 22:02:36 [http-nio-8080-exec-1] INFO  c.demo.folder.service.TrainerService - Finding Trainer by username: Ilia.Lataria-08da91ba
2024-11-27 22:02:37 [http-nio-8080-exec-1] INFO  c.d.f.service.TrainingSessionService - Saved new training session with ID: 1
2024-11-27 22:02:37 [http-nio-8080-exec-1] INFO  c.d.f.service.TrainingSessionService - Notified Secondary Microservice about training addition.
2024-11-27 22:02:37 [http-nio-8080-exec-1] INFO  c.d.f.t.RequestLoggingInterceptor - Transaction ID: a4113c14-c752-4591-869f-2263b54bff49 | Response status: 201
2024-11-27 22:02:37 [http-nio-8080-exec-1] INFO  c.d.f.transaction.TransactionFilter - Transaction with ID: a4113c14-c752-4591-869f-2263b54bff49 completed.
2024-11-27 22:02:49 [http-nio-8080-exec-2] INFO  c.demo.folder.utils.BlockUserFilter - doFilterInterval 1
2024-11-27 22:02:49 [http-nio-8080-exec-2] INFO  c.demo.folder.utils.BlockUserFilter - doFilterInterval 4
2024-11-27 22:02:49 [http-nio-8080-exec-2] INFO  c.d.f.transaction.TransactionFilter - Starting transaction with ID: c0239dac-ceeb-41b3-a66c-4b54b0b75aad
2024-11-27 22:02:49 [http-nio-8080-exec-2] INFO  c.d.f.t.RequestLoggingInterceptor - Transaction ID: c0239dac-ceeb-41b3-a66c-4b54b0b75aad | Incoming request: GET /swagger-ui.html
2024-11-27 22:02:49 [http-nio-8080-exec-2] INFO  c.d.f.t.RequestLoggingInterceptor - Transaction ID: c0239dac-ceeb-41b3-a66c-4b54b0b75aad | Response status: 302
2024-11-27 22:02:49 [http-nio-8080-exec-2] INFO  c.d.f.transaction.TransactionFilter - Transaction with ID: c0239dac-ceeb-41b3-a66c-4b54b0b75aad completed.
2024-11-27 22:02:49 [http-nio-8080-exec-3] INFO  c.demo.folder.utils.BlockUserFilter - doFilterInterval 1
2024-11-27 22:02:49 [http-nio-8080-exec-3] INFO  c.demo.folder.utils.BlockUserFilter - doFilterInterval 4
2024-11-27 22:02:49 [http-nio-8080-exec-3] INFO  c.d.f.transaction.TransactionFilter - Starting transaction with ID: b468829a-849f-4dc8-9298-855de44d7e78
2024-11-27 22:02:49 [http-nio-8080-exec-3] INFO  c.d.f.t.RequestLoggingInterceptor - Transaction ID: b468829a-849f-4dc8-9298-855de44d7e78 | Incoming request: GET /swagger-ui/index.html
2024-11-27 22:02:49 [http-nio-8080-exec-3] INFO  c.d.f.t.RequestLoggingInterceptor - Transaction ID: b468829a-849f-4dc8-9298-855de44d7e78 | Response status: 200
2024-11-27 22:02:49 [http-nio-8080-exec-3] INFO  c.d.f.transaction.TransactionFilter - Transaction with ID: b468829a-849f-4dc8-9298-855de44d7e78 completed.
2024-11-27 22:02:49 [http-nio-8080-exec-6] INFO  c.demo.folder.utils.BlockUserFilter - doFilterInterval 1
2024-11-27 22:02:49 [http-nio-8080-exec-6] INFO  c.demo.folder.utils.BlockUserFilter - doFilterInterval 4
2024-11-27 22:02:49 [http-nio-8080-exec-5] INFO  c.demo.folder.utils.BlockUserFilter - doFilterInterval 1
2024-11-27 22:02:49 [http-nio-8080-exec-5] INFO  c.demo.folder.utils.BlockUserFilter - doFilterInterval 4
2024-11-27 22:02:49 [http-nio-8080-exec-4] INFO  c.demo.folder.utils.BlockUserFilter - doFilterInterval 1
2024-11-27 22:02:49 [http-nio-8080-exec-4] INFO  c.demo.folder.utils.BlockUserFilter - doFilterInterval 4
2024-11-27 22:02:49 [http-nio-8080-exec-6] INFO  c.d.f.transaction.TransactionFilter - Starting transaction with ID: 4830e385-5d0a-4868-b03c-7c8831d2ac21
2024-11-27 22:02:49 [http-nio-8080-exec-5] INFO  c.d.f.transaction.TransactionFilter - Starting transaction with ID: 3bdb8003-6441-434d-8ce5-bce7402d1888
2024-11-27 22:02:49 [http-nio-8080-exec-4] INFO  c.d.f.transaction.TransactionFilter - Starting transaction with ID: 1b969460-e299-49a0-8d59-49ce544830b4
2024-11-27 22:02:49 [http-nio-8080-exec-5] INFO  c.d.f.t.RequestLoggingInterceptor - Transaction ID: 3bdb8003-6441-434d-8ce5-bce7402d1888 | Incoming request: GET /swagger-ui/swagger-ui-bundle.js
2024-11-27 22:02:49 [http-nio-8080-exec-6] INFO  c.d.f.t.RequestLoggingInterceptor - Transaction ID: 4830e385-5d0a-4868-b03c-7c8831d2ac21 | Incoming request: GET /swagger-ui/swagger-ui.css
2024-11-27 22:02:49 [http-nio-8080-exec-4] INFO  c.d.f.t.RequestLoggingInterceptor - Transaction ID: 1b969460-e299-49a0-8d59-49ce544830b4 | Incoming request: GET /swagger-ui/index.css
2024-11-27 22:02:49 [http-nio-8080-exec-4] INFO  c.d.f.t.RequestLoggingInterceptor - Transaction ID: 1b969460-e299-49a0-8d59-49ce544830b4 | Response status: 200
2024-11-27 22:02:49 [http-nio-8080-exec-4] INFO  c.d.f.transaction.TransactionFilter - Transaction with ID: 1b969460-e299-49a0-8d59-49ce544830b4 completed.
2024-11-27 22:02:49 [http-nio-8080-exec-6] INFO  c.d.f.t.RequestLoggingInterceptor - Transaction ID: 4830e385-5d0a-4868-b03c-7c8831d2ac21 | Response status: 200
2024-11-27 22:02:49 [http-nio-8080-exec-6] INFO  c.d.f.transaction.TransactionFilter - Transaction with ID: 4830e385-5d0a-4868-b03c-7c8831d2ac21 completed.
2024-11-27 22:02:49 [http-nio-8080-exec-5] INFO  c.d.f.t.RequestLoggingInterceptor - Transaction ID: 3bdb8003-6441-434d-8ce5-bce7402d1888 | Response status: 200
2024-11-27 22:02:49 [http-nio-8080-exec-5] INFO  c.d.f.transaction.TransactionFilter - Transaction with ID: 3bdb8003-6441-434d-8ce5-bce7402d1888 completed.
2024-11-27 22:02:49 [http-nio-8080-exec-7] INFO  c.demo.folder.utils.BlockUserFilter - doFilterInterval 1
2024-11-27 22:02:49 [http-nio-8080-exec-7] INFO  c.demo.folder.utils.BlockUserFilter - doFilterInterval 4
2024-11-27 22:02:49 [http-nio-8080-exec-7] INFO  c.d.f.transaction.TransactionFilter - Starting transaction with ID: 8a6f6616-87c8-4be8-8431-5711fcbe3429
2024-11-27 22:02:49 [http-nio-8080-exec-7] INFO  c.d.f.t.RequestLoggingInterceptor - Transaction ID: 8a6f6616-87c8-4be8-8431-5711fcbe3429 | Incoming request: GET /swagger-ui/swagger-ui-standalone-preset.js
2024-11-27 22:02:49 [http-nio-8080-exec-8] INFO  c.demo.folder.utils.BlockUserFilter - doFilterInterval 1
2024-11-27 22:02:49 [http-nio-8080-exec-8] INFO  c.demo.folder.utils.BlockUserFilter - doFilterInterval 4
2024-11-27 22:02:49 [http-nio-8080-exec-8] INFO  c.d.f.transaction.TransactionFilter - Starting transaction with ID: 93aecbe1-cfe2-4e1f-a878-a18b299e333b
2024-11-27 22:02:49 [http-nio-8080-exec-8] INFO  c.d.f.t.RequestLoggingInterceptor - Transaction ID: 93aecbe1-cfe2-4e1f-a878-a18b299e333b | Incoming request: GET /swagger-ui/swagger-initializer.js
2024-11-27 22:02:49 [http-nio-8080-exec-7] INFO  c.d.f.t.RequestLoggingInterceptor - Transaction ID: 8a6f6616-87c8-4be8-8431-5711fcbe3429 | Response status: 200
2024-11-27 22:02:49 [http-nio-8080-exec-7] INFO  c.d.f.transaction.TransactionFilter - Transaction with ID: 8a6f6616-87c8-4be8-8431-5711fcbe3429 completed.
2024-11-27 22:02:49 [http-nio-8080-exec-8] INFO  c.d.f.t.RequestLoggingInterceptor - Transaction ID: 93aecbe1-cfe2-4e1f-a878-a18b299e333b | Response status: 200
2024-11-27 22:02:49 [http-nio-8080-exec-8] INFO  c.d.f.transaction.TransactionFilter - Transaction with ID: 93aecbe1-cfe2-4e1f-a878-a18b299e333b completed.
2024-11-27 22:02:49 [http-nio-8080-exec-9] INFO  c.demo.folder.utils.BlockUserFilter - doFilterInterval 1
2024-11-27 22:02:49 [http-nio-8080-exec-9] INFO  c.demo.folder.utils.BlockUserFilter - doFilterInterval 4
2024-11-27 22:02:49 [http-nio-8080-exec-9] INFO  c.d.f.transaction.TransactionFilter - Starting transaction with ID: 3110a830-390e-4f17-a25c-a9a2b673dc8d
2024-11-27 22:02:49 [http-nio-8080-exec-9] INFO  c.d.f.t.RequestLoggingInterceptor - Transaction ID: 3110a830-390e-4f17-a25c-a9a2b673dc8d | Incoming request: GET /v3/api-docs/swagger-config
2024-11-27 22:02:49 [http-nio-8080-exec-9] INFO  c.d.f.t.RequestLoggingInterceptor - Transaction ID: 3110a830-390e-4f17-a25c-a9a2b673dc8d | Response status: 200
2024-11-27 22:02:49 [http-nio-8080-exec-9] INFO  c.d.f.transaction.TransactionFilter - Transaction with ID: 3110a830-390e-4f17-a25c-a9a2b673dc8d completed.
2024-11-27 22:02:50 [http-nio-8080-exec-1] INFO  c.demo.folder.utils.BlockUserFilter - doFilterInterval 1
2024-11-27 22:02:50 [http-nio-8080-exec-1] INFO  c.demo.folder.utils.BlockUserFilter - doFilterInterval 4
2024-11-27 22:02:50 [http-nio-8080-exec-1] INFO  c.d.f.transaction.TransactionFilter - Starting transaction with ID: c162d575-f109-4ea1-9b73-c7876b1eb40b
2024-11-27 22:02:50 [http-nio-8080-exec-1] INFO  c.d.f.t.RequestLoggingInterceptor - Transaction ID: c162d575-f109-4ea1-9b73-c7876b1eb40b | Incoming request: GET /v3/api-docs
2024-11-27 22:02:50 [http-nio-8080-exec-1] INFO  c.d.f.t.RequestLoggingInterceptor - Transaction ID: c162d575-f109-4ea1-9b73-c7876b1eb40b | Response status: 200
2024-11-27 22:02:50 [http-nio-8080-exec-1] INFO  c.d.f.transaction.TransactionFilter - Transaction with ID: c162d575-f109-4ea1-9b73-c7876b1eb40b completed.
2024-11-27 22:03:05 [http-nio-8080-exec-10] INFO  c.demo.folder.utils.BlockUserFilter - doFilterInterval 1
2024-11-27 22:03:05 [http-nio-8080-exec-10] INFO  c.demo.folder.utils.BlockUserFilter - doFilterInterval 4
2024-11-27 22:03:05 [http-nio-8080-exec-10] INFO  c.d.f.transaction.TransactionFilter - Starting transaction with ID: d8944604-5749-4b24-82f3-bb8052eadfdf
2024-11-27 22:03:05 [http-nio-8080-exec-10] INFO  c.d.f.t.RequestLoggingInterceptor - Transaction ID: d8944604-5749-4b24-82f3-bb8052eadfdf | Incoming request: POST /api/trainings/session
2024-11-27 22:03:05 [http-nio-8080-exec-10] INFO  c.d.f.service.TrainingSessionService - Creating new training session
2024-11-27 22:03:05 [http-nio-8080-exec-10] INFO  c.demo.folder.service.TrainerService - Finding Trainer by username: Ilia.Lataria-08da91ba
2024-11-27 22:03:05 [http-nio-8080-exec-10] INFO  c.d.f.service.TrainingSessionService - Saved new training session with ID: 2
2024-11-27 22:03:05 [http-nio-8080-exec-10] INFO  c.d.f.service.TrainingSessionService - Notified Secondary Microservice about training addition.
2024-11-27 22:03:05 [http-nio-8080-exec-10] INFO  c.d.f.t.RequestLoggingInterceptor - Transaction ID: d8944604-5749-4b24-82f3-bb8052eadfdf | Response status: 201
2024-11-27 22:03:05 [http-nio-8080-exec-10] INFO  c.d.f.transaction.TransactionFilter - Transaction with ID: d8944604-5749-4b24-82f3-bb8052eadfdf completed.
2024-11-27 22:03:14 [SpringApplicationShutdownHook] INFO  o.s.c.n.e.s.EurekaServiceRegistry - Unregistering application GYMCCRM with eureka with status DOWN
2024-11-27 22:03:14 [SpringApplicationShutdownHook] INFO  c.netflix.discovery.DiscoveryClient - Saw local status change event StatusChangeEvent [timestamp=1732730594277, current=DOWN, previous=UP]
2024-11-27 22:03:14 [DiscoveryClient-InstanceInfoReplicator-0] INFO  c.netflix.discovery.DiscoveryClient - DiscoveryClient_GYMCCRM/IDoctor:gymcCRM: registering service...
2024-11-27 22:03:14 [DiscoveryClient-InstanceInfoReplicator-0] INFO  c.n.d.s.t.d.RedirectingEurekaHttpClient - Request execution error. endpoint=DefaultEndpoint{ serviceUrl='http://localhost:8761/eureka/} exception=I/O error on POST request for "http://localhost:8761/eureka/apps/GYMCCRM": Connect to http://localhost:8761 [localhost/127.0.0.1, localhost/0:0:0:0:0:0:0:1] failed: Connection refused: no further information stacktrace=org.springframework.web.client.ResourceAccessException: I/O error on POST request for "http://localhost:8761/eureka/apps/GYMCCRM": Connect to http://localhost:8761 [localhost/127.0.0.1, localhost/0:0:0:0:0:0:0:1] failed: Connection refused: no further information
	at org.springframework.web.client.RestTemplate.createResourceAccessException(RestTemplate.java:888)
	at org.springframework.web.client.RestTemplate.doExecute(RestTemplate.java:868)
	at org.springframework.web.client.RestTemplate.execute(RestTemplate.java:764)
	at org.springframework.web.client.RestTemplate.exchange(RestTemplate.java:646)
	at org.springframework.cloud.netflix.eureka.http.RestTemplateEurekaHttpClient.register(RestTemplateEurekaHttpClient.java:81)
	at com.netflix.discovery.shared.transport.decorator.EurekaHttpClientDecorator$1.execute(EurekaHttpClientDecorator.java:59)
	at com.netflix.discovery.shared.transport.decorator.RedirectingEurekaHttpClient.execute(RedirectingEurekaHttpClient.java:91)
	at com.netflix.discovery.shared.transport.decorator.EurekaHttpClientDecorator.register(EurekaHttpClientDecorator.java:56)
	at com.netflix.discovery.shared.transport.decorator.EurekaHttpClientDecorator$1.execute(EurekaHttpClientDecorator.java:59)
	at com.netflix.discovery.shared.transport.decorator.RetryableEurekaHttpClient.execute(RetryableEurekaHttpClient.java:120)
	at com.netflix.discovery.shared.transport.decorator.EurekaHttpClientDecorator.register(EurekaHttpClientDecorator.java:56)
	at com.netflix.discovery.shared.transport.decorator.EurekaHttpClientDecorator$1.execute(EurekaHttpClientDecorator.java:59)
	at com.netflix.discovery.shared.transport.decorator.SessionedEurekaHttpClient.execute(SessionedEurekaHttpClient.java:77)
	at com.netflix.discovery.shared.transport.decorator.EurekaHttpClientDecorator.register(EurekaHttpClientDecorator.java:56)
	at com.netflix.discovery.DiscoveryClient.register(DiscoveryClient.java:820)
	at com.netflix.discovery.InstanceInfoReplicator.run(InstanceInfoReplicator.java:121)
	at com.netflix.discovery.InstanceInfoReplicator$1.run(InstanceInfoReplicator.java:101)
	at java.base/java.util.concurrent.Executors$RunnableAdapter.call(Executors.java:539)
	at java.base/java.util.concurrent.FutureTask.run(FutureTask.java:264)
	at java.base/java.util.concurrent.ScheduledThreadPoolExecutor$ScheduledFutureTask.run(ScheduledThreadPoolExecutor.java:304)
	at java.base/java.util.concurrent.ThreadPoolExecutor.runWorker(ThreadPoolExecutor.java:1136)
	at java.base/java.util.concurrent.ThreadPoolExecutor$Worker.run(ThreadPoolExecutor.java:635)
	at java.base/java.lang.Thread.run(Thread.java:842)
Caused by: org.apache.hc.client5.http.HttpHostConnectException: Connect to http://localhost:8761 [localhost/127.0.0.1, localhost/0:0:0:0:0:0:0:1] failed: Connection refused: no further information
	at java.base/sun.nio.ch.Net.pollConnect(Native Method)
	at java.base/sun.nio.ch.Net.pollConnectNow(Net.java:672)
	at java.base/sun.nio.ch.NioSocketImpl.timedFinishConnect(NioSocketImpl.java:547)
	at java.base/sun.nio.ch.NioSocketImpl.connect(NioSocketImpl.java:602)
	at java.base/java.net.SocksSocketImpl.connect(SocksSocketImpl.java:327)
	at java.base/java.net.Socket.connect(Socket.java:633)
	at org.apache.hc.client5.http.socket.PlainConnectionSocketFactory.lambda$connectSocket$0(PlainConnectionSocketFactory.java:85)
	at java.base/java.security.AccessController.doPrivileged(AccessController.java:569)
	at org.apache.hc.client5.http.socket.PlainConnectionSocketFactory.connectSocket(PlainConnectionSocketFactory.java:84)
	at org.apache.hc.client5.http.socket.ConnectionSocketFactory.connectSocket(ConnectionSocketFactory.java:113)
	at org.apache.hc.client5.http.impl.io.DefaultHttpClientConnectionOperator.connect(DefaultHttpClientConnectionOperator.java:181)
	at org.apache.hc.client5.http.impl.io.PoolingHttpClientConnectionManager.connect(PoolingHttpClientConnectionManager.java:447)
	at org.apache.hc.client5.http.impl.classic.InternalExecRuntime.connectEndpoint(InternalExecRuntime.java:162)
	at org.apache.hc.client5.http.impl.classic.InternalExecRuntime.connectEndpoint(InternalExecRuntime.java:172)
	at org.apache.hc.client5.http.impl.classic.ConnectExec.execute(ConnectExec.java:142)
	at org.apache.hc.client5.http.impl.classic.ExecChainElement.execute(ExecChainElement.java:51)
	at org.apache.hc.client5.http.impl.classic.ProtocolExec.execute(ProtocolExec.java:192)
	at org.apache.hc.client5.http.impl.classic.ExecChainElement.execute(ExecChainElement.java:51)
	at org.apache.hc.client5.http.impl.classic.HttpRequestRetryExec.execute(HttpRequestRetryExec.java:96)
	at org.apache.hc.client5.http.impl.classic.ExecChainElement.execute(ExecChainElement.java:51)
	at org.apache.hc.client5.http.impl.classic.ContentCompressionExec.execute(ContentCompressionExec.java:152)
	at org.apache.hc.client5.http.impl.classic.ExecChainElement.execute(ExecChainElement.java:51)
	at org.apache.hc.client5.http.impl.classic.RedirectExec.execute(RedirectExec.java:115)
	at org.apache.hc.client5.http.impl.classic.ExecChainElement.execute(ExecChainElement.java:51)
	at org.apache.hc.client5.http.impl.classic.InternalHttpClient.doExecute(InternalHttpClient.java:170)
	at org.apache.hc.client5.http.impl.classic.CloseableHttpClient.execute(CloseableHttpClient.java:106)
	at org.apache.hc.client5.http.impl.classic.CloseableHttpClient.execute(CloseableHttpClient.java:55)
	at org.springframework.http.client.HttpComponentsClientHttpRequest.executeInternal(HttpComponentsClientHttpRequest.java:93)
	at org.springframework.http.client.AbstractBufferingClientHttpRequest.executeInternal(AbstractBufferingClientHttpRequest.java:48)
	at org.springframework.http.client.AbstractClientHttpRequest.execute(AbstractClientHttpRequest.java:66)
	at org.springframework.http.client.InterceptingClientHttpRequest$InterceptingRequestExecution.execute(InterceptingClientHttpRequest.java:101)
	at org.springframework.cloud.netflix.eureka.http.RestTemplateTransportClientFactory.lambda$restTemplate$0(RestTemplateTransportClientFactory.java:143)
	at org.springframework.http.client.InterceptingClientHttpRequest$InterceptingRequestExecution.execute(InterceptingClientHttpRequest.java:87)
	at org.springframework.http.client.InterceptingClientHttpRequest.executeInternal(InterceptingClientHttpRequest.java:71)
	at org.springframework.http.client.AbstractBufferingClientHttpRequest.executeInternal(AbstractBufferingClientHttpRequest.java:48)
	at org.springframework.http.client.AbstractClientHttpRequest.execute(AbstractClientHttpRequest.java:66)
	at org.springframework.web.client.RestTemplate.doExecute(RestTemplate.java:862)
	... 21 more

2024-11-27 22:03:14 [DiscoveryClient-InstanceInfoReplicator-0] WARN  c.n.d.s.t.d.RetryableEurekaHttpClient - Request execution failed with message: I/O error on POST request for "http://localhost:8761/eureka/apps/GYMCCRM": Connect to http://localhost:8761 [localhost/127.0.0.1, localhost/0:0:0:0:0:0:0:1] failed: Connection refused: no further information
2024-11-27 22:03:14 [DiscoveryClient-InstanceInfoReplicator-0] INFO  c.n.d.s.t.d.RedirectingEurekaHttpClient - Request execution error. endpoint=DefaultEndpoint{ serviceUrl='http://localhost:8761/eureka/}, exception=I/O error on POST request for "http://localhost:8761/eureka/apps/GYMCCRM": Connect to http://localhost:8761 [localhost/127.0.0.1, localhost/0:0:0:0:0:0:0:1] failed: Connection refused: no further information stacktrace=org.springframework.web.client.ResourceAccessException: I/O error on POST request for "http://localhost:8761/eureka/apps/GYMCCRM": Connect to http://localhost:8761 [localhost/127.0.0.1, localhost/0:0:0:0:0:0:0:1] failed: Connection refused: no further information
	at org.springframework.web.client.RestTemplate.createResourceAccessException(RestTemplate.java:888)
	at org.springframework.web.client.RestTemplate.doExecute(RestTemplate.java:868)
	at org.springframework.web.client.RestTemplate.execute(RestTemplate.java:764)
	at org.springframework.web.client.RestTemplate.exchange(RestTemplate.java:646)
	at org.springframework.cloud.netflix.eureka.http.RestTemplateEurekaHttpClient.register(RestTemplateEurekaHttpClient.java:81)
	at com.netflix.discovery.shared.transport.decorator.EurekaHttpClientDecorator$1.execute(EurekaHttpClientDecorator.java:59)
	at com.netflix.discovery.shared.transport.decorator.RedirectingEurekaHttpClient.executeOnNewServer(RedirectingEurekaHttpClient.java:121)
	at com.netflix.discovery.shared.transport.decorator.RedirectingEurekaHttpClient.execute(RedirectingEurekaHttpClient.java:80)
	at com.netflix.discovery.shared.transport.decorator.EurekaHttpClientDecorator.register(EurekaHttpClientDecorator.java:56)
	at com.netflix.discovery.shared.transport.decorator.EurekaHttpClientDecorator$1.execute(EurekaHttpClientDecorator.java:59)
	at com.netflix.discovery.shared.transport.decorator.RetryableEurekaHttpClient.execute(RetryableEurekaHttpClient.java:120)
	at com.netflix.discovery.shared.transport.decorator.EurekaHttpClientDecorator.register(EurekaHttpClientDecorator.java:56)
	at com.netflix.discovery.shared.transport.decorator.EurekaHttpClientDecorator$1.execute(EurekaHttpClientDecorator.java:59)
	at com.netflix.discovery.shared.transport.decorator.SessionedEurekaHttpClient.execute(SessionedEurekaHttpClient.java:77)
	at com.netflix.discovery.shared.transport.decorator.EurekaHttpClientDecorator.register(EurekaHttpClientDecorator.java:56)
	at com.netflix.discovery.DiscoveryClient.register(DiscoveryClient.java:820)
	at com.netflix.discovery.InstanceInfoReplicator.run(InstanceInfoReplicator.java:121)
	at com.netflix.discovery.InstanceInfoReplicator$1.run(InstanceInfoReplicator.java:101)
	at java.base/java.util.concurrent.Executors$RunnableAdapter.call(Executors.java:539)
	at java.base/java.util.concurrent.FutureTask.run(FutureTask.java:264)
	at java.base/java.util.concurrent.ScheduledThreadPoolExecutor$ScheduledFutureTask.run(ScheduledThreadPoolExecutor.java:304)
	at java.base/java.util.concurrent.ThreadPoolExecutor.runWorker(ThreadPoolExecutor.java:1136)
	at java.base/java.util.concurrent.ThreadPoolExecutor$Worker.run(ThreadPoolExecutor.java:635)
	at java.base/java.lang.Thread.run(Thread.java:842)
Caused by: org.apache.hc.client5.http.HttpHostConnectException: Connect to http://localhost:8761 [localhost/127.0.0.1, localhost/0:0:0:0:0:0:0:1] failed: Connection refused: no further information
	at java.base/sun.nio.ch.Net.pollConnect(Native Method)
	at java.base/sun.nio.ch.Net.pollConnectNow(Net.java:672)
	at java.base/sun.nio.ch.NioSocketImpl.timedFinishConnect(NioSocketImpl.java:547)
	at java.base/sun.nio.ch.NioSocketImpl.connect(NioSocketImpl.java:602)
	at java.base/java.net.SocksSocketImpl.connect(SocksSocketImpl.java:327)
	at java.base/java.net.Socket.connect(Socket.java:633)
	at org.apache.hc.client5.http.socket.PlainConnectionSocketFactory.lambda$connectSocket$0(PlainConnectionSocketFactory.java:85)
	at java.base/java.security.AccessController.doPrivileged(AccessController.java:569)
	at org.apache.hc.client5.http.socket.PlainConnectionSocketFactory.connectSocket(PlainConnectionSocketFactory.java:84)
	at org.apache.hc.client5.http.socket.ConnectionSocketFactory.connectSocket(ConnectionSocketFactory.java:113)
	at org.apache.hc.client5.http.impl.io.DefaultHttpClientConnectionOperator.connect(DefaultHttpClientConnectionOperator.java:181)
	at org.apache.hc.client5.http.impl.io.PoolingHttpClientConnectionManager.connect(PoolingHttpClientConnectionManager.java:447)
	at org.apache.hc.client5.http.impl.classic.InternalExecRuntime.connectEndpoint(InternalExecRuntime.java:162)
	at org.apache.hc.client5.http.impl.classic.InternalExecRuntime.connectEndpoint(InternalExecRuntime.java:172)
	at org.apache.hc.client5.http.impl.classic.ConnectExec.execute(ConnectExec.java:142)
	at org.apache.hc.client5.http.impl.classic.ExecChainElement.execute(ExecChainElement.java:51)
	at org.apache.hc.client5.http.impl.classic.ProtocolExec.execute(ProtocolExec.java:192)
	at org.apache.hc.client5.http.impl.classic.ExecChainElement.execute(ExecChainElement.java:51)
	at org.apache.hc.client5.http.impl.classic.HttpRequestRetryExec.execute(HttpRequestRetryExec.java:96)
	at org.apache.hc.client5.http.impl.classic.ExecChainElement.execute(ExecChainElement.java:51)
	at org.apache.hc.client5.http.impl.classic.ContentCompressionExec.execute(ContentCompressionExec.java:152)
	at org.apache.hc.client5.http.impl.classic.ExecChainElement.execute(ExecChainElement.java:51)
	at org.apache.hc.client5.http.impl.classic.RedirectExec.execute(RedirectExec.java:115)
	at org.apache.hc.client5.http.impl.classic.ExecChainElement.execute(ExecChainElement.java:51)
	at org.apache.hc.client5.http.impl.classic.InternalHttpClient.doExecute(InternalHttpClient.java:170)
	at org.apache.hc.client5.http.impl.classic.CloseableHttpClient.execute(CloseableHttpClient.java:106)
	at org.apache.hc.client5.http.impl.classic.CloseableHttpClient.execute(CloseableHttpClient.java:55)
	at org.springframework.http.client.HttpComponentsClientHttpRequest.executeInternal(HttpComponentsClientHttpRequest.java:93)
	at org.springframework.http.client.AbstractBufferingClientHttpRequest.executeInternal(AbstractBufferingClientHttpRequest.java:48)
	at org.springframework.http.client.AbstractClientHttpRequest.execute(AbstractClientHttpRequest.java:66)
	at org.springframework.http.client.InterceptingClientHttpRequest$InterceptingRequestExecution.execute(InterceptingClientHttpRequest.java:101)
	at org.springframework.cloud.netflix.eureka.http.RestTemplateTransportClientFactory.lambda$restTemplate$0(RestTemplateTransportClientFactory.java:143)
	at org.springframework.http.client.InterceptingClientHttpRequest$InterceptingRequestExecution.execute(InterceptingClientHttpRequest.java:87)
	at org.springframework.http.client.InterceptingClientHttpRequest.executeInternal(InterceptingClientHttpRequest.java:71)
	at org.springframework.http.client.AbstractBufferingClientHttpRequest.executeInternal(AbstractBufferingClientHttpRequest.java:48)
	at org.springframework.http.client.AbstractClientHttpRequest.execute(AbstractClientHttpRequest.java:66)
	at org.springframework.web.client.RestTemplate.doExecute(RestTemplate.java:862)
	... 22 more

2024-11-27 22:03:14 [DiscoveryClient-InstanceInfoReplicator-0] WARN  c.n.d.s.t.d.RetryableEurekaHttpClient - Request execution failed with message: I/O error on POST request for "http://localhost:8761/eureka/apps/GYMCCRM": Connect to http://localhost:8761 [localhost/127.0.0.1, localhost/0:0:0:0:0:0:0:1] failed: Connection refused: no further information
2024-11-27 22:03:14 [DiscoveryClient-InstanceInfoReplicator-0] WARN  c.netflix.discovery.DiscoveryClient - DiscoveryClient_GYMCCRM/IDoctor:gymcCRM - registration failed Cannot execute request on any known server
com.netflix.discovery.shared.transport.TransportException: Cannot execute request on any known server
	at com.netflix.discovery.shared.transport.decorator.RetryableEurekaHttpClient.execute(RetryableEurekaHttpClient.java:112)
	at com.netflix.discovery.shared.transport.decorator.EurekaHttpClientDecorator.register(EurekaHttpClientDecorator.java:56)
	at com.netflix.discovery.shared.transport.decorator.EurekaHttpClientDecorator$1.execute(EurekaHttpClientDecorator.java:59)
	at com.netflix.discovery.shared.transport.decorator.SessionedEurekaHttpClient.execute(SessionedEurekaHttpClient.java:77)
	at com.netflix.discovery.shared.transport.decorator.EurekaHttpClientDecorator.register(EurekaHttpClientDecorator.java:56)
	at com.netflix.discovery.DiscoveryClient.register(DiscoveryClient.java:820)
	at com.netflix.discovery.InstanceInfoReplicator.run(InstanceInfoReplicator.java:121)
	at com.netflix.discovery.InstanceInfoReplicator$1.run(InstanceInfoReplicator.java:101)
	at java.base/java.util.concurrent.Executors$RunnableAdapter.call(Executors.java:539)
	at java.base/java.util.concurrent.FutureTask.run(FutureTask.java:264)
	at java.base/java.util.concurrent.ScheduledThreadPoolExecutor$ScheduledFutureTask.run(ScheduledThreadPoolExecutor.java:304)
	at java.base/java.util.concurrent.ThreadPoolExecutor.runWorker(ThreadPoolExecutor.java:1136)
	at java.base/java.util.concurrent.ThreadPoolExecutor$Worker.run(ThreadPoolExecutor.java:635)
	at java.base/java.lang.Thread.run(Thread.java:842)
2024-11-27 22:03:14 [DiscoveryClient-InstanceInfoReplicator-0] WARN  c.n.discovery.InstanceInfoReplicator - There was a problem with the instance info replicator
com.netflix.discovery.shared.transport.TransportException: Cannot execute request on any known server
	at com.netflix.discovery.shared.transport.decorator.RetryableEurekaHttpClient.execute(RetryableEurekaHttpClient.java:112)
	at com.netflix.discovery.shared.transport.decorator.EurekaHttpClientDecorator.register(EurekaHttpClientDecorator.java:56)
	at com.netflix.discovery.shared.transport.decorator.EurekaHttpClientDecorator$1.execute(EurekaHttpClientDecorator.java:59)
	at com.netflix.discovery.shared.transport.decorator.SessionedEurekaHttpClient.execute(SessionedEurekaHttpClient.java:77)
	at com.netflix.discovery.shared.transport.decorator.EurekaHttpClientDecorator.register(EurekaHttpClientDecorator.java:56)
	at com.netflix.discovery.DiscoveryClient.register(DiscoveryClient.java:820)
	at com.netflix.discovery.InstanceInfoReplicator.run(InstanceInfoReplicator.java:121)
	at com.netflix.discovery.InstanceInfoReplicator$1.run(InstanceInfoReplicator.java:101)
	at java.base/java.util.concurrent.Executors$RunnableAdapter.call(Executors.java:539)
	at java.base/java.util.concurrent.FutureTask.run(FutureTask.java:264)
	at java.base/java.util.concurrent.ScheduledThreadPoolExecutor$ScheduledFutureTask.run(ScheduledThreadPoolExecutor.java:304)
	at java.base/java.util.concurrent.ThreadPoolExecutor.runWorker(ThreadPoolExecutor.java:1136)
	at java.base/java.util.concurrent.ThreadPoolExecutor$Worker.run(ThreadPoolExecutor.java:635)
	at java.base/java.lang.Thread.run(Thread.java:842)
2024-11-27 22:03:14 [SpringApplicationShutdownHook] WARN  c.d.f.cleanup.CredentialFileCleanup - File not found, cannot delete: C:\Users\latar\IdeaProjects\GymApplication\trainee_credentials.txt
2024-11-27 22:03:14 [SpringApplicationShutdownHook] INFO  c.d.f.cleanup.CredentialFileCleanup - Deleted file: C:\Users\latar\IdeaProjects\GymApplication\trainer_credentials.txt
2024-11-27 22:03:14 [SpringApplicationShutdownHook] INFO  o.s.o.j.LocalContainerEntityManagerFactoryBean - Closing JPA EntityManagerFactory for persistence unit 'default'
2024-11-27 22:03:14 [SpringApplicationShutdownHook] INFO  c.netflix.discovery.DiscoveryClient - Shutting down DiscoveryClient ...
2024-11-27 22:03:14 [DiscoveryClient-HeartbeatExecutor-0] INFO  c.n.d.s.t.d.RedirectingEurekaHttpClient - Request execution error. endpoint=DefaultEndpoint{ serviceUrl='http://localhost:8761/eureka/}, exception=I/O error on PUT request for "http://localhost:8761/eureka/apps/GYMCCRM/IDoctor:gymcCRM": Connect to http://localhost:8761 [localhost/127.0.0.1, localhost/0:0:0:0:0:0:0:1] failed: Connection refused: no further information stacktrace=org.springframework.web.client.ResourceAccessException: I/O error on PUT request for "http://localhost:8761/eureka/apps/GYMCCRM/IDoctor:gymcCRM": Connect to http://localhost:8761 [localhost/127.0.0.1, localhost/0:0:0:0:0:0:0:1] failed: Connection refused: no further information
	at org.springframework.web.client.RestTemplate.createResourceAccessException(RestTemplate.java:888)
	at org.springframework.web.client.RestTemplate.doExecute(RestTemplate.java:868)
	at org.springframework.web.client.RestTemplate.execute(RestTemplate.java:764)
	at org.springframework.web.client.RestTemplate.exchange(RestTemplate.java:646)
	at org.springframework.cloud.netflix.eureka.http.RestTemplateEurekaHttpClient.sendHeartBeat(RestTemplateEurekaHttpClient.java:103)
	at com.netflix.discovery.shared.transport.decorator.EurekaHttpClientDecorator$3.execute(EurekaHttpClientDecorator.java:92)
	at com.netflix.discovery.shared.transport.decorator.RedirectingEurekaHttpClient.executeOnNewServer(RedirectingEurekaHttpClient.java:121)
	at com.netflix.discovery.shared.transport.decorator.RedirectingEurekaHttpClient.execute(RedirectingEurekaHttpClient.java:80)
	at com.netflix.discovery.shared.transport.decorator.EurekaHttpClientDecorator.sendHeartBeat(EurekaHttpClientDecorator.java:89)
	at com.netflix.discovery.shared.transport.decorator.EurekaHttpClientDecorator$3.execute(EurekaHttpClientDecorator.java:92)
	at com.netflix.discovery.shared.transport.decorator.RetryableEurekaHttpClient.execute(RetryableEurekaHttpClient.java:120)
	at com.netflix.discovery.shared.transport.decorator.EurekaHttpClientDecorator.sendHeartBeat(EurekaHttpClientDecorator.java:89)
	at com.netflix.discovery.shared.transport.decorator.EurekaHttpClientDecorator$3.execute(EurekaHttpClientDecorator.java:92)
	at com.netflix.discovery.shared.transport.decorator.SessionedEurekaHttpClient.execute(SessionedEurekaHttpClient.java:77)
	at com.netflix.discovery.shared.transport.decorator.EurekaHttpClientDecorator.sendHeartBeat(EurekaHttpClientDecorator.java:89)
	at com.netflix.discovery.DiscoveryClient.renew(DiscoveryClient.java:837)
	at com.netflix.discovery.DiscoveryClient$HeartbeatThread.run(DiscoveryClient.java:1401)
	at java.base/java.util.concurrent.Executors$RunnableAdapter.call(Executors.java:539)
	at java.base/java.util.concurrent.FutureTask.run(FutureTask.java:264)
	at java.base/java.util.concurrent.ThreadPoolExecutor.runWorker(ThreadPoolExecutor.java:1136)
	at java.base/java.util.concurrent.ThreadPoolExecutor$Worker.run(ThreadPoolExecutor.java:635)
	at java.base/java.lang.Thread.run(Thread.java:842)
Caused by: org.apache.hc.client5.http.HttpHostConnectException: Connect to http://localhost:8761 [localhost/127.0.0.1, localhost/0:0:0:0:0:0:0:1] failed: Connection refused: no further information
	at java.base/sun.nio.ch.Net.pollConnect(Native Method)
	at java.base/sun.nio.ch.Net.pollConnectNow(Net.java:672)
	at java.base/sun.nio.ch.NioSocketImpl.timedFinishConnect(NioSocketImpl.java:547)
	at java.base/sun.nio.ch.NioSocketImpl.connect(NioSocketImpl.java:602)
	at java.base/java.net.SocksSocketImpl.connect(SocksSocketImpl.java:327)
	at java.base/java.net.Socket.connect(Socket.java:633)
	at org.apache.hc.client5.http.socket.PlainConnectionSocketFactory.lambda$connectSocket$0(PlainConnectionSocketFactory.java:85)
	at java.base/java.security.AccessController.doPrivileged(AccessController.java:569)
	at org.apache.hc.client5.http.socket.PlainConnectionSocketFactory.connectSocket(PlainConnectionSocketFactory.java:84)
	at org.apache.hc.client5.http.socket.ConnectionSocketFactory.connectSocket(ConnectionSocketFactory.java:113)
	at org.apache.hc.client5.http.impl.io.DefaultHttpClientConnectionOperator.connect(DefaultHttpClientConnectionOperator.java:181)
	at org.apache.hc.client5.http.impl.io.PoolingHttpClientConnectionManager.connect(PoolingHttpClientConnectionManager.java:447)
	at org.apache.hc.client5.http.impl.classic.InternalExecRuntime.connectEndpoint(InternalExecRuntime.java:162)
	at org.apache.hc.client5.http.impl.classic.InternalExecRuntime.connectEndpoint(InternalExecRuntime.java:172)
	at org.apache.hc.client5.http.impl.classic.ConnectExec.execute(ConnectExec.java:142)
	at org.apache.hc.client5.http.impl.classic.ExecChainElement.execute(ExecChainElement.java:51)
	at org.apache.hc.client5.http.impl.classic.ProtocolExec.execute(ProtocolExec.java:192)
	at org.apache.hc.client5.http.impl.classic.ExecChainElement.execute(ExecChainElement.java:51)
	at org.apache.hc.client5.http.impl.classic.HttpRequestRetryExec.execute(HttpRequestRetryExec.java:96)
	at org.apache.hc.client5.http.impl.classic.ExecChainElement.execute(ExecChainElement.java:51)
	at org.apache.hc.client5.http.impl.classic.ContentCompressionExec.execute(ContentCompressionExec.java:152)
	at org.apache.hc.client5.http.impl.classic.ExecChainElement.execute(ExecChainElement.java:51)
	at org.apache.hc.client5.http.impl.classic.RedirectExec.execute(RedirectExec.java:115)
	at org.apache.hc.client5.http.impl.classic.ExecChainElement.execute(ExecChainElement.java:51)
	at org.apache.hc.client5.http.impl.classic.InternalHttpClient.doExecute(InternalHttpClient.java:170)
	at org.apache.hc.client5.http.impl.classic.CloseableHttpClient.execute(CloseableHttpClient.java:106)
	at org.apache.hc.client5.http.impl.classic.CloseableHttpClient.execute(CloseableHttpClient.java:55)
	at org.springframework.http.client.HttpComponentsClientHttpRequest.executeInternal(HttpComponentsClientHttpRequest.java:93)
	at org.springframework.http.client.AbstractBufferingClientHttpRequest.executeInternal(AbstractBufferingClientHttpRequest.java:48)
	at org.springframework.http.client.AbstractClientHttpRequest.execute(AbstractClientHttpRequest.java:66)
	at org.springframework.http.client.InterceptingClientHttpRequest$InterceptingRequestExecution.execute(InterceptingClientHttpRequest.java:101)
	at org.springframework.cloud.netflix.eureka.http.RestTemplateTransportClientFactory.lambda$restTemplate$0(RestTemplateTransportClientFactory.java:143)
	at org.springframework.http.client.InterceptingClientHttpRequest$InterceptingRequestExecution.execute(InterceptingClientHttpRequest.java:87)
	at org.springframework.http.client.InterceptingClientHttpRequest.executeInternal(InterceptingClientHttpRequest.java:71)
	at org.springframework.http.client.AbstractBufferingClientHttpRequest.executeInternal(AbstractBufferingClientHttpRequest.java:48)
	at org.springframework.http.client.AbstractClientHttpRequest.execute(AbstractClientHttpRequest.java:66)
	at org.springframework.web.client.RestTemplate.doExecute(RestTemplate.java:862)
	... 20 more

2024-11-27 22:03:14 [DiscoveryClient-HeartbeatExecutor-0] WARN  c.n.d.s.t.d.RetryableEurekaHttpClient - Request execution failed with message: I/O error on PUT request for "http://localhost:8761/eureka/apps/GYMCCRM/IDoctor:gymcCRM": Connect to http://localhost:8761 [localhost/127.0.0.1, localhost/0:0:0:0:0:0:0:1] failed: Connection refused: no further information
2024-11-27 22:03:14 [DiscoveryClient-HeartbeatExecutor-0] ERROR c.netflix.discovery.DiscoveryClient - DiscoveryClient_GYMCCRM/IDoctor:gymcCRM - was unable to send heartbeat!
com.netflix.discovery.shared.transport.TransportException: Cannot execute request on any known server
	at com.netflix.discovery.shared.transport.decorator.RetryableEurekaHttpClient.execute(RetryableEurekaHttpClient.java:112)
	at com.netflix.discovery.shared.transport.decorator.EurekaHttpClientDecorator.sendHeartBeat(EurekaHttpClientDecorator.java:89)
	at com.netflix.discovery.shared.transport.decorator.EurekaHttpClientDecorator$3.execute(EurekaHttpClientDecorator.java:92)
	at com.netflix.discovery.shared.transport.decorator.SessionedEurekaHttpClient.execute(SessionedEurekaHttpClient.java:77)
	at com.netflix.discovery.shared.transport.decorator.EurekaHttpClientDecorator.sendHeartBeat(EurekaHttpClientDecorator.java:89)
	at com.netflix.discovery.DiscoveryClient.renew(DiscoveryClient.java:837)
	at com.netflix.discovery.DiscoveryClient$HeartbeatThread.run(DiscoveryClient.java:1401)
	at java.base/java.util.concurrent.Executors$RunnableAdapter.call(Executors.java:539)
	at java.base/java.util.concurrent.FutureTask.run(FutureTask.java:264)
	at java.base/java.util.concurrent.ThreadPoolExecutor.runWorker(ThreadPoolExecutor.java:1136)
	at java.base/java.util.concurrent.ThreadPoolExecutor$Worker.run(ThreadPoolExecutor.java:635)
	at java.base/java.lang.Thread.run(Thread.java:842)
2024-11-27 22:03:14 [DiscoveryClient-CacheRefreshExecutor-0] INFO  c.n.d.s.t.d.RedirectingEurekaHttpClient - Request execution error. endpoint=DefaultEndpoint{ serviceUrl='http://localhost:8761/eureka/} exception=I/O error on GET request for "http://localhost:8761/eureka/apps/delta": Connect to http://localhost:8761 [localhost/127.0.0.1, localhost/0:0:0:0:0:0:0:1] failed: Connection refused: no further information stacktrace=org.springframework.web.client.ResourceAccessException: I/O error on GET request for "http://localhost:8761/eureka/apps/delta": Connect to http://localhost:8761 [localhost/127.0.0.1, localhost/0:0:0:0:0:0:0:1] failed: Connection refused: no further information
	at org.springframework.web.client.RestTemplate.createResourceAccessException(RestTemplate.java:888)
	at org.springframework.web.client.RestTemplate.doExecute(RestTemplate.java:868)
	at org.springframework.web.client.RestTemplate.execute(RestTemplate.java:764)
	at org.springframework.web.client.RestTemplate.exchange(RestTemplate.java:646)
	at org.springframework.cloud.netflix.eureka.http.RestTemplateEurekaHttpClient.getApplicationsInternal(RestTemplateEurekaHttpClient.java:149)
	at org.springframework.cloud.netflix.eureka.http.RestTemplateEurekaHttpClient.getDelta(RestTemplateEurekaHttpClient.java:159)
	at com.netflix.discovery.shared.transport.decorator.EurekaHttpClientDecorator$7.execute(EurekaHttpClientDecorator.java:152)
	at com.netflix.discovery.shared.transport.decorator.RedirectingEurekaHttpClient.execute(RedirectingEurekaHttpClient.java:91)
	at com.netflix.discovery.shared.transport.decorator.EurekaHttpClientDecorator.getDelta(EurekaHttpClientDecorator.java:149)
	at com.netflix.discovery.shared.transport.decorator.EurekaHttpClientDecorator$7.execute(EurekaHttpClientDecorator.java:152)
	at com.netflix.discovery.shared.transport.decorator.RetryableEurekaHttpClient.execute(RetryableEurekaHttpClient.java:120)
	at com.netflix.discovery.shared.transport.decorator.EurekaHttpClientDecorator.getDelta(EurekaHttpClientDecorator.java:149)
	at com.netflix.discovery.shared.transport.decorator.EurekaHttpClientDecorator$7.execute(EurekaHttpClientDecorator.java:152)
	at com.netflix.discovery.shared.transport.decorator.SessionedEurekaHttpClient.execute(SessionedEurekaHttpClient.java:77)
	at com.netflix.discovery.shared.transport.decorator.EurekaHttpClientDecorator.getDelta(EurekaHttpClientDecorator.java:149)
	at com.netflix.discovery.DiscoveryClient.getAndUpdateDelta(DiscoveryClient.java:1079)
	at com.netflix.discovery.DiscoveryClient.fetchRegistry(DiscoveryClient.java:960)
	at com.netflix.discovery.DiscoveryClient.refreshRegistry(DiscoveryClient.java:1475)
	at com.netflix.discovery.DiscoveryClient$CacheRefreshThread.run(DiscoveryClient.java:1442)
	at java.base/java.util.concurrent.Executors$RunnableAdapter.call(Executors.java:539)
	at java.base/java.util.concurrent.FutureTask.run(FutureTask.java:264)
	at java.base/java.util.concurrent.ThreadPoolExecutor.runWorker(ThreadPoolExecutor.java:1136)
	at java.base/java.util.concurrent.ThreadPoolExecutor$Worker.run(ThreadPoolExecutor.java:635)
	at java.base/java.lang.Thread.run(Thread.java:842)
Caused by: org.apache.hc.client5.http.HttpHostConnectException: Connect to http://localhost:8761 [localhost/127.0.0.1, localhost/0:0:0:0:0:0:0:1] failed: Connection refused: no further information
	at java.base/sun.nio.ch.Net.pollConnect(Native Method)
	at java.base/sun.nio.ch.Net.pollConnectNow(Net.java:672)
	at java.base/sun.nio.ch.NioSocketImpl.timedFinishConnect(NioSocketImpl.java:547)
	at java.base/sun.nio.ch.NioSocketImpl.connect(NioSocketImpl.java:602)
	at java.base/java.net.SocksSocketImpl.connect(SocksSocketImpl.java:327)
	at java.base/java.net.Socket.connect(Socket.java:633)
	at org.apache.hc.client5.http.socket.PlainConnectionSocketFactory.lambda$connectSocket$0(PlainConnectionSocketFactory.java:85)
	at java.base/java.security.AccessController.doPrivileged(AccessController.java:569)
	at org.apache.hc.client5.http.socket.PlainConnectionSocketFactory.connectSocket(PlainConnectionSocketFactory.java:84)
	at org.apache.hc.client5.http.socket.ConnectionSocketFactory.connectSocket(ConnectionSocketFactory.java:113)
	at org.apache.hc.client5.http.impl.io.DefaultHttpClientConnectionOperator.connect(DefaultHttpClientConnectionOperator.java:181)
	at org.apache.hc.client5.http.impl.io.PoolingHttpClientConnectionManager.connect(PoolingHttpClientConnectionManager.java:447)
	at org.apache.hc.client5.http.impl.classic.InternalExecRuntime.connectEndpoint(InternalExecRuntime.java:162)
	at org.apache.hc.client5.http.impl.classic.InternalExecRuntime.connectEndpoint(InternalExecRuntime.java:172)
	at org.apache.hc.client5.http.impl.classic.ConnectExec.execute(ConnectExec.java:142)
	at org.apache.hc.client5.http.impl.classic.ExecChainElement.execute(ExecChainElement.java:51)
	at org.apache.hc.client5.http.impl.classic.ProtocolExec.execute(ProtocolExec.java:192)
	at org.apache.hc.client5.http.impl.classic.ExecChainElement.execute(ExecChainElement.java:51)
	at org.apache.hc.client5.http.impl.classic.HttpRequestRetryExec.execute(HttpRequestRetryExec.java:96)
	at org.apache.hc.client5.http.impl.classic.ExecChainElement.execute(ExecChainElement.java:51)
	at org.apache.hc.client5.http.impl.classic.ContentCompressionExec.execute(ContentCompressionExec.java:152)
	at org.apache.hc.client5.http.impl.classic.ExecChainElement.execute(ExecChainElement.java:51)
	at org.apache.hc.client5.http.impl.classic.RedirectExec.execute(RedirectExec.java:115)
	at org.apache.hc.client5.http.impl.classic.ExecChainElement.execute(ExecChainElement.java:51)
	at org.apache.hc.client5.http.impl.classic.InternalHttpClient.doExecute(InternalHttpClient.java:170)
	at org.apache.hc.client5.http.impl.classic.CloseableHttpClient.execute(CloseableHttpClient.java:106)
	at org.apache.hc.client5.http.impl.classic.CloseableHttpClient.execute(CloseableHttpClient.java:55)
	at org.springframework.http.client.HttpComponentsClientHttpRequest.executeInternal(HttpComponentsClientHttpRequest.java:93)
	at org.springframework.http.client.AbstractBufferingClientHttpRequest.executeInternal(AbstractBufferingClientHttpRequest.java:48)
	at org.springframework.http.client.AbstractClientHttpRequest.execute(AbstractClientHttpRequest.java:66)
	at org.springframework.http.client.InterceptingClientHttpRequest$InterceptingRequestExecution.execute(InterceptingClientHttpRequest.java:101)
	at org.springframework.cloud.netflix.eureka.http.RestTemplateTransportClientFactory.lambda$restTemplate$0(RestTemplateTransportClientFactory.java:143)
	at org.springframework.http.client.InterceptingClientHttpRequest$InterceptingRequestExecution.execute(InterceptingClientHttpRequest.java:87)
	at org.springframework.http.client.InterceptingClientHttpRequest.executeInternal(InterceptingClientHttpRequest.java:71)
	at org.springframework.http.client.AbstractBufferingClientHttpRequest.executeInternal(AbstractBufferingClientHttpRequest.java:48)
	at org.springframework.http.client.AbstractClientHttpRequest.execute(AbstractClientHttpRequest.java:66)
	at org.springframework.web.client.RestTemplate.doExecute(RestTemplate.java:862)
	... 22 more

2024-11-27 22:03:14 [DiscoveryClient-CacheRefreshExecutor-0] WARN  c.n.d.s.t.d.RetryableEurekaHttpClient - Request execution failed with message: I/O error on GET request for "http://localhost:8761/eureka/apps/delta": Connect to http://localhost:8761 [localhost/127.0.0.1, localhost/0:0:0:0:0:0:0:1] failed: Connection refused: no further information
2024-11-27 22:03:14 [DiscoveryClient-CacheRefreshExecutor-0] INFO  c.n.d.s.t.d.RedirectingEurekaHttpClient - Request execution error. endpoint=DefaultEndpoint{ serviceUrl='http://localhost:8761/eureka/}, exception=I/O error on GET request for "http://localhost:8761/eureka/apps/delta": Connect to http://localhost:8761 [localhost/127.0.0.1, localhost/0:0:0:0:0:0:0:1] failed: Connection refused: no further information stacktrace=org.springframework.web.client.ResourceAccessException: I/O error on GET request for "http://localhost:8761/eureka/apps/delta": Connect to http://localhost:8761 [localhost/127.0.0.1, localhost/0:0:0:0:0:0:0:1] failed: Connection refused: no further information
	at org.springframework.web.client.RestTemplate.createResourceAccessException(RestTemplate.java:888)
	at org.springframework.web.client.RestTemplate.doExecute(RestTemplate.java:868)
	at org.springframework.web.client.RestTemplate.execute(RestTemplate.java:764)
	at org.springframework.web.client.RestTemplate.exchange(RestTemplate.java:646)
	at org.springframework.cloud.netflix.eureka.http.RestTemplateEurekaHttpClient.getApplicationsInternal(RestTemplateEurekaHttpClient.java:149)
	at org.springframework.cloud.netflix.eureka.http.RestTemplateEurekaHttpClient.getDelta(RestTemplateEurekaHttpClient.java:159)
	at com.netflix.discovery.shared.transport.decorator.EurekaHttpClientDecorator$7.execute(EurekaHttpClientDecorator.java:152)
	at com.netflix.discovery.shared.transport.decorator.RedirectingEurekaHttpClient.executeOnNewServer(RedirectingEurekaHttpClient.java:121)
	at com.netflix.discovery.shared.transport.decorator.RedirectingEurekaHttpClient.execute(RedirectingEurekaHttpClient.java:80)
	at com.netflix.discovery.shared.transport.decorator.EurekaHttpClientDecorator.getDelta(EurekaHttpClientDecorator.java:149)
	at com.netflix.discovery.shared.transport.decorator.EurekaHttpClientDecorator$7.execute(EurekaHttpClientDecorator.java:152)
	at com.netflix.discovery.shared.transport.decorator.RetryableEurekaHttpClient.execute(RetryableEurekaHttpClient.java:120)
	at com.netflix.discovery.shared.transport.decorator.EurekaHttpClientDecorator.getDelta(EurekaHttpClientDecorator.java:149)
	at com.netflix.discovery.shared.transport.decorator.EurekaHttpClientDecorator$7.execute(EurekaHttpClientDecorator.java:152)
	at com.netflix.discovery.shared.transport.decorator.SessionedEurekaHttpClient.execute(SessionedEurekaHttpClient.java:77)
	at com.netflix.discovery.shared.transport.decorator.EurekaHttpClientDecorator.getDelta(EurekaHttpClientDecorator.java:149)
	at com.netflix.discovery.DiscoveryClient.getAndUpdateDelta(DiscoveryClient.java:1079)
	at com.netflix.discovery.DiscoveryClient.fetchRegistry(DiscoveryClient.java:960)
	at com.netflix.discovery.DiscoveryClient.refreshRegistry(DiscoveryClient.java:1475)
	at com.netflix.discovery.DiscoveryClient$CacheRefreshThread.run(DiscoveryClient.java:1442)
	at java.base/java.util.concurrent.Executors$RunnableAdapter.call(Executors.java:539)
	at java.base/java.util.concurrent.FutureTask.run(FutureTask.java:264)
	at java.base/java.util.concurrent.ThreadPoolExecutor.runWorker(ThreadPoolExecutor.java:1136)
	at java.base/java.util.concurrent.ThreadPoolExecutor$Worker.run(ThreadPoolExecutor.java:635)
	at java.base/java.lang.Thread.run(Thread.java:842)
Caused by: org.apache.hc.client5.http.HttpHostConnectException: Connect to http://localhost:8761 [localhost/127.0.0.1, localhost/0:0:0:0:0:0:0:1] failed: Connection refused: no further information
	at java.base/sun.nio.ch.Net.pollConnect(Native Method)
	at java.base/sun.nio.ch.Net.pollConnectNow(Net.java:672)
	at java.base/sun.nio.ch.NioSocketImpl.timedFinishConnect(NioSocketImpl.java:547)
	at java.base/sun.nio.ch.NioSocketImpl.connect(NioSocketImpl.java:602)
	at java.base/java.net.SocksSocketImpl.connect(SocksSocketImpl.java:327)
	at java.base/java.net.Socket.connect(Socket.java:633)
	at org.apache.hc.client5.http.socket.PlainConnectionSocketFactory.lambda$connectSocket$0(PlainConnectionSocketFactory.java:85)
	at java.base/java.security.AccessController.doPrivileged(AccessController.java:569)
	at org.apache.hc.client5.http.socket.PlainConnectionSocketFactory.connectSocket(PlainConnectionSocketFactory.java:84)
	at org.apache.hc.client5.http.socket.ConnectionSocketFactory.connectSocket(ConnectionSocketFactory.java:113)
	at org.apache.hc.client5.http.impl.io.DefaultHttpClientConnectionOperator.connect(DefaultHttpClientConnectionOperator.java:181)
	at org.apache.hc.client5.http.impl.io.PoolingHttpClientConnectionManager.connect(PoolingHttpClientConnectionManager.java:447)
	at org.apache.hc.client5.http.impl.classic.InternalExecRuntime.connectEndpoint(InternalExecRuntime.java:162)
	at org.apache.hc.client5.http.impl.classic.InternalExecRuntime.connectEndpoint(InternalExecRuntime.java:172)
	at org.apache.hc.client5.http.impl.classic.ConnectExec.execute(ConnectExec.java:142)
	at org.apache.hc.client5.http.impl.classic.ExecChainElement.execute(ExecChainElement.java:51)
	at org.apache.hc.client5.http.impl.classic.ProtocolExec.execute(ProtocolExec.java:192)
	at org.apache.hc.client5.http.impl.classic.ExecChainElement.execute(ExecChainElement.java:51)
	at org.apache.hc.client5.http.impl.classic.HttpRequestRetryExec.execute(HttpRequestRetryExec.java:96)
	at org.apache.hc.client5.http.impl.classic.ExecChainElement.execute(ExecChainElement.java:51)
	at org.apache.hc.client5.http.impl.classic.ContentCompressionExec.execute(ContentCompressionExec.java:152)
	at org.apache.hc.client5.http.impl.classic.ExecChainElement.execute(ExecChainElement.java:51)
	at org.apache.hc.client5.http.impl.classic.RedirectExec.execute(RedirectExec.java:115)
	at org.apache.hc.client5.http.impl.classic.ExecChainElement.execute(ExecChainElement.java:51)
	at org.apache.hc.client5.http.impl.classic.InternalHttpClient.doExecute(InternalHttpClient.java:170)
	at org.apache.hc.client5.http.impl.classic.CloseableHttpClient.execute(CloseableHttpClient.java:106)
	at org.apache.hc.client5.http.impl.classic.CloseableHttpClient.execute(CloseableHttpClient.java:55)
	at org.springframework.http.client.HttpComponentsClientHttpRequest.executeInternal(HttpComponentsClientHttpRequest.java:93)
	at org.springframework.http.client.AbstractBufferingClientHttpRequest.executeInternal(AbstractBufferingClientHttpRequest.java:48)
	at org.springframework.http.client.AbstractClientHttpRequest.execute(AbstractClientHttpRequest.java:66)
	at org.springframework.http.client.InterceptingClientHttpRequest$InterceptingRequestExecution.execute(InterceptingClientHttpRequest.java:101)
	at org.springframework.cloud.netflix.eureka.http.RestTemplateTransportClientFactory.lambda$restTemplate$0(RestTemplateTransportClientFactory.java:143)
	at org.springframework.http.client.InterceptingClientHttpRequest$InterceptingRequestExecution.execute(InterceptingClientHttpRequest.java:87)
	at org.springframework.http.client.InterceptingClientHttpRequest.executeInternal(InterceptingClientHttpRequest.java:71)
	at org.springframework.http.client.AbstractBufferingClientHttpRequest.executeInternal(AbstractBufferingClientHttpRequest.java:48)
	at org.springframework.http.client.AbstractClientHttpRequest.execute(AbstractClientHttpRequest.java:66)
	at org.springframework.web.client.RestTemplate.doExecute(RestTemplate.java:862)
	... 23 more

2024-11-27 22:03:14 [DiscoveryClient-CacheRefreshExecutor-0] WARN  c.n.d.s.t.d.RetryableEurekaHttpClient - Request execution failed with message: I/O error on GET request for "http://localhost:8761/eureka/apps/delta": Connect to http://localhost:8761 [localhost/127.0.0.1, localhost/0:0:0:0:0:0:0:1] failed: Connection refused: no further information
2024-11-27 22:03:14 [DiscoveryClient-CacheRefreshExecutor-0] INFO  c.netflix.discovery.DiscoveryClient - DiscoveryClient_GYMCCRM/IDoctor:gymcCRM - was unable to refresh its cache! This periodic background refresh will be retried in 30 seconds. status = Cannot execute request on any known server stacktrace = com.netflix.discovery.shared.transport.TransportException: Cannot execute request on any known server
	at com.netflix.discovery.shared.transport.decorator.RetryableEurekaHttpClient.execute(RetryableEurekaHttpClient.java:112)
	at com.netflix.discovery.shared.transport.decorator.EurekaHttpClientDecorator.getDelta(EurekaHttpClientDecorator.java:149)
	at com.netflix.discovery.shared.transport.decorator.EurekaHttpClientDecorator$7.execute(EurekaHttpClientDecorator.java:152)
	at com.netflix.discovery.shared.transport.decorator.SessionedEurekaHttpClient.execute(SessionedEurekaHttpClient.java:77)
	at com.netflix.discovery.shared.transport.decorator.EurekaHttpClientDecorator.getDelta(EurekaHttpClientDecorator.java:149)
	at com.netflix.discovery.DiscoveryClient.getAndUpdateDelta(DiscoveryClient.java:1079)
	at com.netflix.discovery.DiscoveryClient.fetchRegistry(DiscoveryClient.java:960)
	at com.netflix.discovery.DiscoveryClient.refreshRegistry(DiscoveryClient.java:1475)
	at com.netflix.discovery.DiscoveryClient$CacheRefreshThread.run(DiscoveryClient.java:1442)
	at java.base/java.util.concurrent.Executors$RunnableAdapter.call(Executors.java:539)
	at java.base/java.util.concurrent.FutureTask.run(FutureTask.java:264)
	at java.base/java.util.concurrent.ThreadPoolExecutor.runWorker(ThreadPoolExecutor.java:1136)
	at java.base/java.util.concurrent.ThreadPoolExecutor$Worker.run(ThreadPoolExecutor.java:635)
	at java.base/java.lang.Thread.run(Thread.java:842)

