2024-11-19 22:42:15 [background-preinit] INFO  o.h.validator.internal.util.Version - HV000001: Hibernate Validator 8.0.1.Final
2024-11-19 22:42:15 [restartedMain] INFO  com.demo.folder.App - Starting App using Java 17.0.12 with PID 31144 (C:\Users\latar\IdeaProjects\GymProject\build\classes\java\main started by latar in C:\Users\latar\IdeaProjects\GymProject)
2024-11-19 22:42:15 [restartedMain] INFO  com.demo.folder.App - The following 1 profile is active: "local"
2024-11-19 22:42:15 [restartedMain] INFO  o.s.b.d.e.DevToolsPropertyDefaultsPostProcessor - Devtools property defaults active! Set 'spring.devtools.add-properties' to 'false' to disable
2024-11-19 22:42:15 [restartedMain] INFO  o.s.b.d.e.DevToolsPropertyDefaultsPostProcessor - For additional web related logging consider setting the 'logging.level.web' property to 'DEBUG'
2024-11-19 22:42:16 [restartedMain] INFO  o.s.d.r.c.RepositoryConfigurationDelegate - Bootstrapping Spring Data JPA repositories in DEFAULT mode.
2024-11-19 22:42:16 [restartedMain] INFO  o.s.d.r.c.RepositoryConfigurationDelegate - Finished Spring Data repository scanning in 92 ms. Found 5 JPA repository interfaces.
2024-11-19 22:42:17 [restartedMain] INFO  o.s.b.w.e.tomcat.TomcatWebServer - Tomcat initialized with port(s): 8080 (http)
2024-11-19 22:42:17 [restartedMain] INFO  o.a.coyote.http11.Http11NioProtocol - Initializing ProtocolHandler ["http-nio-8080"]
2024-11-19 22:42:17 [restartedMain] INFO  o.a.catalina.core.StandardService - Starting service [Tomcat]
2024-11-19 22:42:17 [restartedMain] INFO  o.a.catalina.core.StandardEngine - Starting Servlet engine: [Apache Tomcat/10.1.12]
2024-11-19 22:42:17 [restartedMain] INFO  o.a.c.c.C.[Tomcat].[localhost].[/] - Initializing Spring embedded WebApplicationContext
2024-11-19 22:42:17 [restartedMain] INFO  o.s.b.w.s.c.ServletWebServerApplicationContext - Root WebApplicationContext: initialization completed in 1987 ms
2024-11-19 22:42:17 [restartedMain] INFO  c.d.f.config.profiles.LocalConfig - Local Configuration is active
2024-11-19 22:42:17 [restartedMain] INFO  c.d.f.config.profiles.LocalConfig - Setting up DataSource for LOCAL environment
2024-11-19 22:42:17 [restartedMain] INFO  c.d.f.config.profiles.LocalConfig - DB URL: jdbc:h2:mem:localdb;DB_CLOSE_DELAY=-1
2024-11-19 22:42:17 [restartedMain] INFO  c.d.f.config.profiles.LocalConfig - DB Username: sa
2024-11-19 22:42:18 [restartedMain] INFO  o.s.b.a.h.H2ConsoleAutoConfiguration - H2 console available at '/h2-console'. Database available at 'jdbc:h2:mem:localdb'
2024-11-19 22:42:18 [restartedMain] INFO  o.h.jpa.internal.util.LogHelper - HHH000204: Processing PersistenceUnitInfo [name: default]
2024-11-19 22:42:18 [restartedMain] INFO  org.hibernate.Version - HHH000412: Hibernate ORM core version 6.2.0.Final
2024-11-19 22:42:18 [restartedMain] INFO  org.hibernate.cfg.Environment - HHH000406: Using bytecode reflection optimizer
2024-11-19 22:42:18 [restartedMain] INFO  o.h.b.i.BytecodeProviderInitiator - HHH000021: Bytecode provider name : bytebuddy
2024-11-19 22:42:18 [restartedMain] INFO  o.s.o.j.p.SpringPersistenceUnitInfo - No LoadTimeWeaver setup: ignoring JPA class transformer
2024-11-19 22:42:18 [restartedMain] INFO  SQL dialect - HHH000400: Using dialect: org.hibernate.dialect.H2Dialect
2024-11-19 22:42:19 [restartedMain] INFO  o.h.b.i.BytecodeProviderInitiator - HHH000021: Bytecode provider name : bytebuddy
2024-11-19 22:42:19 [restartedMain] INFO  o.h.e.t.j.p.i.JtaPlatformInitiator - HHH000490: Using JtaPlatform implementation: [org.hibernate.engine.transaction.jta.platform.internal.NoJtaPlatform]
2024-11-19 22:42:19 [restartedMain] INFO  o.s.o.j.LocalContainerEntityManagerFactoryBean - Initialized JPA EntityManagerFactory for persistence unit 'default'
2024-11-19 22:42:19 [restartedMain] INFO  SQL dialect - HHH000400: Using dialect: org.hibernate.dialect.H2Dialect
2024-11-19 22:42:20 [restartedMain] INFO  o.h.b.i.BytecodeProviderInitiator - HHH000021: Bytecode provider name : bytebuddy
2024-11-19 22:42:20 [restartedMain] INFO  o.h.e.t.j.p.i.JtaPlatformInitiator - HHH000490: Using JtaPlatform implementation: [org.hibernate.engine.transaction.jta.platform.internal.NoJtaPlatform]
2024-11-19 22:42:20 [restartedMain] INFO  o.s.d.j.r.query.QueryEnhancerFactory - Hibernate is in classpath; If applicable, HQL parser will be used.
2024-11-19 22:42:20 [restartedMain] INFO  c.demo.folder.service.TraineeService - TraineeService initialized.
2024-11-19 22:42:20 [restartedMain] INFO  c.d.f.health.EnvProfileServiceCheck - Currently active profile - [local]
2024-11-19 22:42:21 [restartedMain] INFO  o.s.s.web.DefaultSecurityFilterChain - Will secure any request with [org.springframework.security.web.session.DisableEncodeUrlFilter@111aa276, org.springframework.security.web.context.request.async.WebAsyncManagerIntegrationFilter@749deff7, org.springframework.security.web.context.SecurityContextHolderFilter@2fb4960d, org.springframework.security.web.header.HeaderWriterFilter@76ab2457, org.springframework.security.web.authentication.logout.LogoutFilter@6609196d, com.demo.folder.utils.BlockUserFilter@5b8bd09c, org.springframework.web.filter.CorsFilter@2c02da33, org.springframework.security.web.authentication.UsernamePasswordAuthenticationFilter@134ec59f, org.springframework.security.web.savedrequest.RequestCacheAwareFilter@1b28c27f, org.springframework.security.web.servletapi.SecurityContextHolderAwareRequestFilter@568dbcb8, org.springframework.security.web.authentication.AnonymousAuthenticationFilter@4a8bfb90, org.springframework.security.web.session.SessionManagementFilter@b0db1c6, org.springframework.security.web.access.ExceptionTranslationFilter@286cffe4, org.springframework.security.web.access.intercept.AuthorizationFilter@5d50f178]
2024-11-19 22:42:21 [restartedMain] INFO  o.s.b.d.a.OptionalLiveReloadServer - LiveReload server is running on port 35729
2024-11-19 22:42:21 [restartedMain] INFO  o.s.b.a.e.web.EndpointLinksResolver - Exposing 3 endpoint(s) beneath base path '/actuator'
2024-11-19 22:42:21 [restartedMain] INFO  o.a.coyote.http11.Http11NioProtocol - Starting ProtocolHandler ["http-nio-8080"]
2024-11-19 22:42:21 [restartedMain] INFO  o.s.b.w.e.tomcat.TomcatWebServer - Tomcat started on port(s): 8080 (http) with context path ''
2024-11-19 22:42:21 [restartedMain] INFO  com.demo.folder.App - Started App in 6.377 seconds (process running for 6.944)
2024-11-19 22:43:49 [http-nio-8080-exec-1] INFO  o.a.c.c.C.[Tomcat].[localhost].[/] - Initializing Spring DispatcherServlet 'dispatcherServlet'
2024-11-19 22:43:49 [http-nio-8080-exec-1] INFO  o.s.web.servlet.DispatcherServlet - Initializing Servlet 'dispatcherServlet'
2024-11-19 22:43:49 [http-nio-8080-exec-1] INFO  o.s.web.servlet.DispatcherServlet - Completed initialization in 1 ms
2024-11-19 22:43:49 [http-nio-8080-exec-1] INFO  c.demo.folder.utils.BlockUserFilter - doFilterInterval 1
2024-11-19 22:43:49 [http-nio-8080-exec-1] INFO  c.demo.folder.utils.BlockUserFilter - doFilterInterval 4
2024-11-19 22:43:49 [http-nio-8080-exec-1] INFO  c.d.f.transaction.TransactionFilter - Starting transaction with ID: 80159b63-e267-4866-a442-66f6538001a2
2024-11-19 22:43:49 [http-nio-8080-exec-1] INFO  c.d.f.t.RequestLoggingInterceptor - Transaction ID: 80159b63-e267-4866-a442-66f6538001a2 | Incoming request: GET /swagger-ui.html
2024-11-19 22:43:49 [http-nio-8080-exec-1] INFO  c.d.f.t.RequestLoggingInterceptor - Transaction ID: 80159b63-e267-4866-a442-66f6538001a2 | Response status: 302
2024-11-19 22:43:49 [http-nio-8080-exec-1] INFO  c.d.f.transaction.TransactionFilter - Transaction with ID: 80159b63-e267-4866-a442-66f6538001a2 completed.
2024-11-19 22:43:49 [http-nio-8080-exec-2] INFO  c.demo.folder.utils.BlockUserFilter - doFilterInterval 1
2024-11-19 22:43:49 [http-nio-8080-exec-2] INFO  c.demo.folder.utils.BlockUserFilter - doFilterInterval 4
2024-11-19 22:43:49 [http-nio-8080-exec-2] INFO  c.d.f.transaction.TransactionFilter - Starting transaction with ID: 3d281b8b-71a0-41d1-ba25-d9f4ddea5485
2024-11-19 22:43:49 [http-nio-8080-exec-2] INFO  c.d.f.t.RequestLoggingInterceptor - Transaction ID: 3d281b8b-71a0-41d1-ba25-d9f4ddea5485 | Incoming request: GET /swagger-ui/index.html
2024-11-19 22:43:49 [http-nio-8080-exec-2] INFO  c.d.f.t.RequestLoggingInterceptor - Transaction ID: 3d281b8b-71a0-41d1-ba25-d9f4ddea5485 | Response status: 200
2024-11-19 22:43:49 [http-nio-8080-exec-2] INFO  c.d.f.transaction.TransactionFilter - Transaction with ID: 3d281b8b-71a0-41d1-ba25-d9f4ddea5485 completed.
2024-11-19 22:43:49 [http-nio-8080-exec-4] INFO  c.demo.folder.utils.BlockUserFilter - doFilterInterval 1
2024-11-19 22:43:49 [http-nio-8080-exec-4] INFO  c.demo.folder.utils.BlockUserFilter - doFilterInterval 4
2024-11-19 22:43:49 [http-nio-8080-exec-3] INFO  c.demo.folder.utils.BlockUserFilter - doFilterInterval 1
2024-11-19 22:43:49 [http-nio-8080-exec-3] INFO  c.demo.folder.utils.BlockUserFilter - doFilterInterval 4
2024-11-19 22:43:49 [http-nio-8080-exec-4] INFO  c.d.f.transaction.TransactionFilter - Starting transaction with ID: 7f220a87-b44a-4528-9096-fb34ac343980
2024-11-19 22:43:49 [http-nio-8080-exec-3] INFO  c.d.f.transaction.TransactionFilter - Starting transaction with ID: 39a68154-3666-4c7d-b4a5-e8e8f3d778ca
2024-11-19 22:43:49 [http-nio-8080-exec-9] INFO  c.demo.folder.utils.BlockUserFilter - doFilterInterval 1
2024-11-19 22:43:49 [http-nio-8080-exec-9] INFO  c.demo.folder.utils.BlockUserFilter - doFilterInterval 4
2024-11-19 22:43:49 [http-nio-8080-exec-7] INFO  c.demo.folder.utils.BlockUserFilter - doFilterInterval 1
2024-11-19 22:43:49 [http-nio-8080-exec-7] INFO  c.demo.folder.utils.BlockUserFilter - doFilterInterval 4
2024-11-19 22:43:49 [http-nio-8080-exec-5] INFO  c.demo.folder.utils.BlockUserFilter - doFilterInterval 1
2024-11-19 22:43:49 [http-nio-8080-exec-5] INFO  c.demo.folder.utils.BlockUserFilter - doFilterInterval 4
2024-11-19 22:43:49 [http-nio-8080-exec-9] INFO  c.d.f.transaction.TransactionFilter - Starting transaction with ID: 1e69a7c0-c5ed-4733-a3ac-3fd8ce50d823
2024-11-19 22:43:49 [http-nio-8080-exec-5] INFO  c.d.f.transaction.TransactionFilter - Starting transaction with ID: b9a92c18-e958-4036-b724-7c640e1cffd7
2024-11-19 22:43:49 [http-nio-8080-exec-7] INFO  c.d.f.transaction.TransactionFilter - Starting transaction with ID: f586bcd1-d0a0-4edf-9a54-afcff9eb289d
2024-11-19 22:43:49 [http-nio-8080-exec-4] INFO  c.d.f.t.RequestLoggingInterceptor - Transaction ID: 7f220a87-b44a-4528-9096-fb34ac343980 | Incoming request: GET /swagger-ui/index.css
2024-11-19 22:43:49 [http-nio-8080-exec-3] INFO  c.d.f.t.RequestLoggingInterceptor - Transaction ID: 39a68154-3666-4c7d-b4a5-e8e8f3d778ca | Incoming request: GET /swagger-ui/swagger-ui.css
2024-11-19 22:43:49 [http-nio-8080-exec-9] INFO  c.d.f.t.RequestLoggingInterceptor - Transaction ID: 1e69a7c0-c5ed-4733-a3ac-3fd8ce50d823 | Incoming request: GET /swagger-ui/swagger-ui-standalone-preset.js
2024-11-19 22:43:49 [http-nio-8080-exec-5] INFO  c.d.f.t.RequestLoggingInterceptor - Transaction ID: b9a92c18-e958-4036-b724-7c640e1cffd7 | Incoming request: GET /swagger-ui/swagger-ui-bundle.js
2024-11-19 22:43:49 [http-nio-8080-exec-7] INFO  c.d.f.t.RequestLoggingInterceptor - Transaction ID: f586bcd1-d0a0-4edf-9a54-afcff9eb289d | Incoming request: GET /swagger-ui/swagger-initializer.js
2024-11-19 22:43:49 [http-nio-8080-exec-4] INFO  c.d.f.t.RequestLoggingInterceptor - Transaction ID: 7f220a87-b44a-4528-9096-fb34ac343980 | Response status: 200
2024-11-19 22:43:49 [http-nio-8080-exec-4] INFO  c.d.f.transaction.TransactionFilter - Transaction with ID: 7f220a87-b44a-4528-9096-fb34ac343980 completed.
2024-11-19 22:43:49 [http-nio-8080-exec-3] INFO  c.d.f.t.RequestLoggingInterceptor - Transaction ID: 39a68154-3666-4c7d-b4a5-e8e8f3d778ca | Response status: 200
2024-11-19 22:43:49 [http-nio-8080-exec-3] INFO  c.d.f.transaction.TransactionFilter - Transaction with ID: 39a68154-3666-4c7d-b4a5-e8e8f3d778ca completed.
2024-11-19 22:43:49 [http-nio-8080-exec-9] INFO  c.d.f.t.RequestLoggingInterceptor - Transaction ID: 1e69a7c0-c5ed-4733-a3ac-3fd8ce50d823 | Response status: 200
2024-11-19 22:43:49 [http-nio-8080-exec-9] INFO  c.d.f.transaction.TransactionFilter - Transaction with ID: 1e69a7c0-c5ed-4733-a3ac-3fd8ce50d823 completed.
2024-11-19 22:43:49 [http-nio-8080-exec-5] INFO  c.d.f.t.RequestLoggingInterceptor - Transaction ID: b9a92c18-e958-4036-b724-7c640e1cffd7 | Response status: 200
2024-11-19 22:43:49 [http-nio-8080-exec-5] INFO  c.d.f.transaction.TransactionFilter - Transaction with ID: b9a92c18-e958-4036-b724-7c640e1cffd7 completed.
2024-11-19 22:43:50 [http-nio-8080-exec-7] INFO  c.d.f.t.RequestLoggingInterceptor - Transaction ID: f586bcd1-d0a0-4edf-9a54-afcff9eb289d | Response status: 200
2024-11-19 22:43:50 [http-nio-8080-exec-7] INFO  c.d.f.transaction.TransactionFilter - Transaction with ID: f586bcd1-d0a0-4edf-9a54-afcff9eb289d completed.
2024-11-19 22:43:50 [http-nio-8080-exec-8] INFO  c.demo.folder.utils.BlockUserFilter - doFilterInterval 1
2024-11-19 22:43:50 [http-nio-8080-exec-8] INFO  c.demo.folder.utils.BlockUserFilter - doFilterInterval 4
2024-11-19 22:43:50 [http-nio-8080-exec-6] INFO  c.demo.folder.utils.BlockUserFilter - doFilterInterval 1
2024-11-19 22:43:50 [http-nio-8080-exec-6] INFO  c.demo.folder.utils.BlockUserFilter - doFilterInterval 4
2024-11-19 22:43:50 [http-nio-8080-exec-6] INFO  c.d.f.transaction.TransactionFilter - Starting transaction with ID: 21f3e6d0-43b9-435a-a999-79d77f51acd7
2024-11-19 22:43:50 [http-nio-8080-exec-8] INFO  c.d.f.transaction.TransactionFilter - Starting transaction with ID: a094c17c-ea61-4615-b316-f481840a026c
2024-11-19 22:43:50 [http-nio-8080-exec-8] INFO  c.d.f.t.RequestLoggingInterceptor - Transaction ID: a094c17c-ea61-4615-b316-f481840a026c | Incoming request: GET /v3/api-docs/swagger-config
2024-11-19 22:43:50 [http-nio-8080-exec-6] INFO  c.d.f.t.RequestLoggingInterceptor - Transaction ID: 21f3e6d0-43b9-435a-a999-79d77f51acd7 | Incoming request: GET /swagger-ui/favicon-32x32.png
2024-11-19 22:43:50 [http-nio-8080-exec-6] INFO  c.d.f.t.RequestLoggingInterceptor - Transaction ID: 21f3e6d0-43b9-435a-a999-79d77f51acd7 | Response status: 200
2024-11-19 22:43:50 [http-nio-8080-exec-6] INFO  c.d.f.transaction.TransactionFilter - Transaction with ID: 21f3e6d0-43b9-435a-a999-79d77f51acd7 completed.
2024-11-19 22:43:50 [http-nio-8080-exec-8] INFO  c.d.f.t.RequestLoggingInterceptor - Transaction ID: a094c17c-ea61-4615-b316-f481840a026c | Response status: 200
2024-11-19 22:43:50 [http-nio-8080-exec-8] INFO  c.d.f.transaction.TransactionFilter - Transaction with ID: a094c17c-ea61-4615-b316-f481840a026c completed.
2024-11-19 22:43:50 [http-nio-8080-exec-10] INFO  c.demo.folder.utils.BlockUserFilter - doFilterInterval 1
2024-11-19 22:43:50 [http-nio-8080-exec-10] INFO  c.demo.folder.utils.BlockUserFilter - doFilterInterval 4
2024-11-19 22:43:50 [http-nio-8080-exec-10] INFO  c.d.f.transaction.TransactionFilter - Starting transaction with ID: 07fea27e-a1bd-45bc-bb37-66b598bc17b0
2024-11-19 22:43:50 [http-nio-8080-exec-10] INFO  c.d.f.t.RequestLoggingInterceptor - Transaction ID: 07fea27e-a1bd-45bc-bb37-66b598bc17b0 | Incoming request: GET /v3/api-docs
2024-11-19 22:43:50 [http-nio-8080-exec-10] INFO  o.s.api.AbstractOpenApiResource - Init duration for springdoc-openapi is: 350 ms
2024-11-19 22:43:50 [http-nio-8080-exec-10] INFO  c.d.f.t.RequestLoggingInterceptor - Transaction ID: 07fea27e-a1bd-45bc-bb37-66b598bc17b0 | Response status: 200
2024-11-19 22:43:50 [http-nio-8080-exec-10] INFO  c.d.f.transaction.TransactionFilter - Transaction with ID: 07fea27e-a1bd-45bc-bb37-66b598bc17b0 completed.
2024-11-19 22:44:05 [http-nio-8080-exec-5] INFO  c.demo.folder.utils.BlockUserFilter - doFilterInterval 1
2024-11-19 22:44:05 [http-nio-8080-exec-5] INFO  c.demo.folder.utils.BlockUserFilter - doFilterInterval 4
2024-11-19 22:44:15 [http-nio-8080-exec-6] INFO  c.demo.folder.utils.BlockUserFilter - doFilterInterval 1
2024-11-19 22:44:15 [http-nio-8080-exec-6] INFO  c.demo.folder.utils.BlockUserFilter - doFilterInterval 2
2024-11-19 22:44:15 [http-nio-8080-exec-6] INFO  c.d.f.service.LoginAttemptService - No lock timestamp found for user admin, not currently blocked.
2024-11-19 22:44:15 [http-nio-8080-exec-6] INFO  c.demo.folder.utils.BlockUserFilter - doFilterInterval 4
2024-11-19 22:44:24 [http-nio-8080-exec-10] INFO  c.demo.folder.utils.BlockUserFilter - doFilterInterval 1
2024-11-19 22:44:24 [http-nio-8080-exec-10] INFO  c.demo.folder.utils.BlockUserFilter - doFilterInterval 4
2024-11-19 22:44:24 [http-nio-8080-exec-10] INFO  c.d.f.transaction.TransactionFilter - Starting transaction with ID: d7558d24-f6eb-4251-bdac-57150254c941
2024-11-19 22:44:24 [http-nio-8080-exec-10] INFO  c.d.f.t.RequestLoggingInterceptor - Transaction ID: d7558d24-f6eb-4251-bdac-57150254c941 | Incoming request: GET /api/trainees
2024-11-19 22:44:24 [http-nio-8080-exec-10] INFO  c.demo.folder.service.TraineeService - Fetching all Trainees.
2024-11-19 22:44:24 [http-nio-8080-exec-10] ERROR c.d.f.t.RequestLoggingInterceptor - Transaction ID: d7558d24-f6eb-4251-bdac-57150254c941 | Error occurred: No trainees found.
2024-11-19 22:44:24 [http-nio-8080-exec-10] INFO  c.d.f.transaction.TransactionFilter - Transaction with ID: d7558d24-f6eb-4251-bdac-57150254c941 completed.
2024-11-19 22:44:24 [http-nio-8080-exec-10] ERROR o.a.c.c.C.[.[.[.[dispatcherServlet] - Servlet.service() for servlet [dispatcherServlet] in context with path [] threw exception [Request processing failed: jakarta.persistence.EntityNotFoundException: No trainees found.] with root cause
jakarta.persistence.EntityNotFoundException: No trainees found.
	at com.demo.folder.service.TraineeService.getAllTraineesDetails(TraineeService.java:223)
	at java.base/jdk.internal.reflect.NativeMethodAccessorImpl.invoke0(Native Method)
	at java.base/jdk.internal.reflect.NativeMethodAccessorImpl.invoke(NativeMethodAccessorImpl.java:77)
	at java.base/jdk.internal.reflect.DelegatingMethodAccessorImpl.invoke(DelegatingMethodAccessorImpl.java:43)
	at java.base/java.lang.reflect.Method.invoke(Method.java:568)
	at org.springframework.aop.support.AopUtils.invokeJoinpointUsingReflection(AopUtils.java:343)
	at org.springframework.aop.framework.ReflectiveMethodInvocation.invokeJoinpoint(ReflectiveMethodInvocation.java:196)
	at org.springframework.aop.framework.ReflectiveMethodInvocation.proceed(ReflectiveMethodInvocation.java:163)
	at org.springframework.aop.framework.CglibAopProxy$CglibMethodInvocation.proceed(CglibAopProxy.java:756)
	at org.springframework.transaction.interceptor.TransactionInterceptor$1.proceedWithInvocation(TransactionInterceptor.java:123)
	at org.springframework.transaction.interceptor.TransactionAspectSupport.invokeWithinTransaction(TransactionAspectSupport.java:391)
	at org.springframework.transaction.interceptor.TransactionInterceptor.invoke(TransactionInterceptor.java:119)
	at org.springframework.aop.framework.ReflectiveMethodInvocation.proceed(ReflectiveMethodInvocation.java:184)
	at org.springframework.aop.framework.CglibAopProxy$CglibMethodInvocation.proceed(CglibAopProxy.java:756)
	at org.springframework.aop.framework.CglibAopProxy$DynamicAdvisedInterceptor.intercept(CglibAopProxy.java:708)
	at com.demo.folder.service.TraineeService$$SpringCGLIB$$0.getAllTraineesDetails(<generated>)
	at com.demo.folder.controller.implementation.TraineeController.getAllTrainee(TraineeController.java:69)
	at java.base/jdk.internal.reflect.NativeMethodAccessorImpl.invoke0(Native Method)
	at java.base/jdk.internal.reflect.NativeMethodAccessorImpl.invoke(NativeMethodAccessorImpl.java:77)
	at java.base/jdk.internal.reflect.DelegatingMethodAccessorImpl.invoke(DelegatingMethodAccessorImpl.java:43)
	at java.base/java.lang.reflect.Method.invoke(Method.java:568)
	at org.springframework.aop.support.AopUtils.invokeJoinpointUsingReflection(AopUtils.java:343)
	at org.springframework.aop.framework.ReflectiveMethodInvocation.invokeJoinpoint(ReflectiveMethodInvocation.java:196)
	at org.springframework.aop.framework.ReflectiveMethodInvocation.proceed(ReflectiveMethodInvocation.java:163)
	at org.springframework.aop.framework.CglibAopProxy$CglibMethodInvocation.proceed(CglibAopProxy.java:756)
	at org.springframework.security.authorization.method.AuthorizationManagerBeforeMethodInterceptor.invoke(AuthorizationManagerBeforeMethodInterceptor.java:199)
	at org.springframework.aop.framework.ReflectiveMethodInvocation.proceed(ReflectiveMethodInvocation.java:184)
	at org.springframework.aop.framework.CglibAopProxy$CglibMethodInvocation.proceed(CglibAopProxy.java:756)
	at org.springframework.aop.framework.CglibAopProxy$DynamicAdvisedInterceptor.intercept(CglibAopProxy.java:708)
	at com.demo.folder.controller.implementation.TraineeController$$SpringCGLIB$$0.getAllTrainee(<generated>)
	at java.base/jdk.internal.reflect.NativeMethodAccessorImpl.invoke0(Native Method)
	at java.base/jdk.internal.reflect.NativeMethodAccessorImpl.invoke(NativeMethodAccessorImpl.java:77)
	at java.base/jdk.internal.reflect.DelegatingMethodAccessorImpl.invoke(DelegatingMethodAccessorImpl.java:43)
	at java.base/java.lang.reflect.Method.invoke(Method.java:568)
	at org.springframework.web.method.support.InvocableHandlerMethod.doInvoke(InvocableHandlerMethod.java:205)
	at org.springframework.web.method.support.InvocableHandlerMethod.invokeForRequest(InvocableHandlerMethod.java:150)
	at org.springframework.web.servlet.mvc.method.annotation.ServletInvocableHandlerMethod.invokeAndHandle(ServletInvocableHandlerMethod.java:118)
	at org.springframework.web.servlet.mvc.method.annotation.RequestMappingHandlerAdapter.invokeHandlerMethod(RequestMappingHandlerAdapter.java:884)
	at org.springframework.web.servlet.mvc.method.annotation.RequestMappingHandlerAdapter.handleInternal(RequestMappingHandlerAdapter.java:797)
	at org.springframework.web.servlet.mvc.method.AbstractHandlerMethodAdapter.handle(AbstractHandlerMethodAdapter.java:87)
	at org.springframework.web.servlet.DispatcherServlet.doDispatch(DispatcherServlet.java:1081)
	at org.springframework.web.servlet.DispatcherServlet.doService(DispatcherServlet.java:974)
	at org.springframework.web.servlet.FrameworkServlet.processRequest(FrameworkServlet.java:1011)
	at org.springframework.web.servlet.FrameworkServlet.doGet(FrameworkServlet.java:903)
	at jakarta.servlet.http.HttpServlet.service(HttpServlet.java:633)
	at org.springframework.web.servlet.FrameworkServlet.service(FrameworkServlet.java:885)
	at jakarta.servlet.http.HttpServlet.service(HttpServlet.java:723)
	at org.apache.catalina.core.ApplicationFilterChain.internalDoFilter(ApplicationFilterChain.java:205)
	at org.apache.catalina.core.ApplicationFilterChain.doFilter(ApplicationFilterChain.java:149)
	at org.apache.tomcat.websocket.server.WsFilter.doFilter(WsFilter.java:51)
	at org.apache.catalina.core.ApplicationFilterChain.internalDoFilter(ApplicationFilterChain.java:174)
	at org.apache.catalina.core.ApplicationFilterChain.doFilter(ApplicationFilterChain.java:149)
	at org.springframework.web.filter.OncePerRequestFilter.doFilter(OncePerRequestFilter.java:110)
	at org.apache.catalina.core.ApplicationFilterChain.internalDoFilter(ApplicationFilterChain.java:174)
	at org.apache.catalina.core.ApplicationFilterChain.doFilter(ApplicationFilterChain.java:149)
	at com.demo.folder.transaction.TransactionFilter.doFilter(TransactionFilter.java:27)
	at org.apache.catalina.core.ApplicationFilterChain.internalDoFilter(ApplicationFilterChain.java:174)
	at org.apache.catalina.core.ApplicationFilterChain.doFilter(ApplicationFilterChain.java:149)
	at org.springframework.security.web.FilterChainProxy.lambda$doFilterInternal$3(FilterChainProxy.java:231)
	at org.springframework.security.web.ObservationFilterChainDecorator$FilterObservation$SimpleFilterObservation.lambda$wrap$1(ObservationFilterChainDecorator.java:479)
	at org.springframework.security.web.ObservationFilterChainDecorator$AroundFilterObservation$SimpleAroundFilterObservation.lambda$wrap$1(ObservationFilterChainDecorator.java:340)
	at org.springframework.security.web.ObservationFilterChainDecorator.lambda$wrapSecured$0(ObservationFilterChainDecorator.java:82)
	at org.springframework.security.web.ObservationFilterChainDecorator$VirtualFilterChain.doFilter(ObservationFilterChainDecorator.java:128)
	at org.springframework.security.web.access.intercept.AuthorizationFilter.doFilter(AuthorizationFilter.java:100)
	at org.springframework.security.web.ObservationFilterChainDecorator$ObservationFilter.wrapFilter(ObservationFilterChainDecorator.java:240)
	at org.springframework.security.web.ObservationFilterChainDecorator$ObservationFilter.doFilter(ObservationFilterChainDecorator.java:227)
	at org.springframework.security.web.ObservationFilterChainDecorator$VirtualFilterChain.doFilter(ObservationFilterChainDecorator.java:137)
	at org.springframework.security.web.access.ExceptionTranslationFilter.doFilter(ExceptionTranslationFilter.java:126)
	at org.springframework.security.web.access.ExceptionTranslationFilter.doFilter(ExceptionTranslationFilter.java:120)
	at org.springframework.security.web.ObservationFilterChainDecorator$ObservationFilter.wrapFilter(ObservationFilterChainDecorator.java:240)
	at org.springframework.security.web.ObservationFilterChainDecorator$ObservationFilter.doFilter(ObservationFilterChainDecorator.java:227)
	at org.springframework.security.web.ObservationFilterChainDecorator$VirtualFilterChain.doFilter(ObservationFilterChainDecorator.java:137)
	at org.springframework.security.web.session.SessionManagementFilter.doFilter(SessionManagementFilter.java:131)
	at org.springframework.security.web.session.SessionManagementFilter.doFilter(SessionManagementFilter.java:85)
	at org.springframework.security.web.ObservationFilterChainDecorator$ObservationFilter.wrapFilter(ObservationFilterChainDecorator.java:240)
	at org.springframework.security.web.ObservationFilterChainDecorator$ObservationFilter.doFilter(ObservationFilterChainDecorator.java:227)
	at org.springframework.security.web.ObservationFilterChainDecorator$VirtualFilterChain.doFilter(ObservationFilterChainDecorator.java:137)
	at org.springframework.security.web.authentication.AnonymousAuthenticationFilter.doFilter(AnonymousAuthenticationFilter.java:100)
	at org.springframework.security.web.ObservationFilterChainDecorator$ObservationFilter.wrapFilter(ObservationFilterChainDecorator.java:240)
	at org.springframework.security.web.ObservationFilterChainDecorator$ObservationFilter.doFilter(ObservationFilterChainDecorator.java:227)
	at org.springframework.security.web.ObservationFilterChainDecorator$VirtualFilterChain.doFilter(ObservationFilterChainDecorator.java:137)
	at org.springframework.security.web.servletapi.SecurityContextHolderAwareRequestFilter.doFilter(SecurityContextHolderAwareRequestFilter.java:179)
	at org.springframework.security.web.ObservationFilterChainDecorator$ObservationFilter.wrapFilter(ObservationFilterChainDecorator.java:240)
	at org.springframework.security.web.ObservationFilterChainDecorator$ObservationFilter.doFilter(ObservationFilterChainDecorator.java:227)
	at org.springframework.security.web.ObservationFilterChainDecorator$VirtualFilterChain.doFilter(ObservationFilterChainDecorator.java:137)
	at org.springframework.security.web.savedrequest.RequestCacheAwareFilter.doFilter(RequestCacheAwareFilter.java:63)
	at org.springframework.security.web.ObservationFilterChainDecorator$ObservationFilter.wrapFilter(ObservationFilterChainDecorator.java:240)
	at org.springframework.security.web.ObservationFilterChainDecorator$ObservationFilter.doFilter(ObservationFilterChainDecorator.java:227)
	at org.springframework.security.web.ObservationFilterChainDecorator$VirtualFilterChain.doFilter(ObservationFilterChainDecorator.java:137)
	at org.springframework.security.web.authentication.AbstractAuthenticationProcessingFilter.doFilter(AbstractAuthenticationProcessingFilter.java:227)
	at org.springframework.security.web.authentication.AbstractAuthenticationProcessingFilter.doFilter(AbstractAuthenticationProcessingFilter.java:221)
	at org.springframework.security.web.ObservationFilterChainDecorator$ObservationFilter.wrapFilter(ObservationFilterChainDecorator.java:240)
	at org.springframework.security.web.ObservationFilterChainDecorator$ObservationFilter.doFilter(ObservationFilterChainDecorator.java:227)
	at org.springframework.security.web.ObservationFilterChainDecorator$VirtualFilterChain.doFilter(ObservationFilterChainDecorator.java:137)
	at org.springframework.web.filter.CorsFilter.doFilterInternal(CorsFilter.java:91)
	at org.springframework.web.filter.OncePerRequestFilter.doFilter(OncePerRequestFilter.java:116)
	at org.springframework.security.web.ObservationFilterChainDecorator$ObservationFilter.wrapFilter(ObservationFilterChainDecorator.java:240)
	at org.springframework.security.web.ObservationFilterChainDecorator$ObservationFilter.doFilter(ObservationFilterChainDecorator.java:227)
	at org.springframework.security.web.ObservationFilterChainDecorator$VirtualFilterChain.doFilter(ObservationFilterChainDecorator.java:137)
	at com.demo.folder.utils.BlockUserFilter.doFilterInternal(BlockUserFilter.java:39)
	at org.springframework.web.filter.OncePerRequestFilter.doFilter(OncePerRequestFilter.java:116)
	at org.springframework.security.web.ObservationFilterChainDecorator$ObservationFilter.wrapFilter(ObservationFilterChainDecorator.java:240)
	at org.springframework.security.web.ObservationFilterChainDecorator$ObservationFilter.doFilter(ObservationFilterChainDecorator.java:227)
	at org.springframework.security.web.ObservationFilterChainDecorator$VirtualFilterChain.doFilter(ObservationFilterChainDecorator.java:137)
	at org.springframework.security.web.authentication.logout.LogoutFilter.doFilter(LogoutFilter.java:107)
	at org.springframework.security.web.authentication.logout.LogoutFilter.doFilter(LogoutFilter.java:93)
	at org.springframework.security.web.ObservationFilterChainDecorator$ObservationFilter.wrapFilter(ObservationFilterChainDecorator.java:240)
	at org.springframework.security.web.ObservationFilterChainDecorator$ObservationFilter.doFilter(ObservationFilterChainDecorator.java:227)
	at org.springframework.security.web.ObservationFilterChainDecorator$VirtualFilterChain.doFilter(ObservationFilterChainDecorator.java:137)
	at org.springframework.security.web.header.HeaderWriterFilter.doHeadersAfter(HeaderWriterFilter.java:90)
	at org.springframework.security.web.header.HeaderWriterFilter.doFilterInternal(HeaderWriterFilter.java:75)
	at org.springframework.web.filter.OncePerRequestFilter.doFilter(OncePerRequestFilter.java:116)
	at org.springframework.security.web.ObservationFilterChainDecorator$ObservationFilter.wrapFilter(ObservationFilterChainDecorator.java:240)
	at org.springframework.security.web.ObservationFilterChainDecorator$ObservationFilter.doFilter(ObservationFilterChainDecorator.java:227)
	at org.springframework.security.web.ObservationFilterChainDecorator$VirtualFilterChain.doFilter(ObservationFilterChainDecorator.java:137)
	at org.springframework.security.web.context.SecurityContextHolderFilter.doFilter(SecurityContextHolderFilter.java:82)
	at org.springframework.security.web.context.SecurityContextHolderFilter.doFilter(SecurityContextHolderFilter.java:69)
	at org.springframework.security.web.ObservationFilterChainDecorator$ObservationFilter.wrapFilter(ObservationFilterChainDecorator.java:240)
	at org.springframework.security.web.ObservationFilterChainDecorator$ObservationFilter.doFilter(ObservationFilterChainDecorator.java:227)
	at org.springframework.security.web.ObservationFilterChainDecorator$VirtualFilterChain.doFilter(ObservationFilterChainDecorator.java:137)
	at org.springframework.security.web.context.request.async.WebAsyncManagerIntegrationFilter.doFilterInternal(WebAsyncManagerIntegrationFilter.java:62)
	at org.springframework.web.filter.OncePerRequestFilter.doFilter(OncePerRequestFilter.java:116)
	at org.springframework.security.web.ObservationFilterChainDecorator$ObservationFilter.wrapFilter(ObservationFilterChainDecorator.java:240)
	at org.springframework.security.web.ObservationFilterChainDecorator$ObservationFilter.doFilter(ObservationFilterChainDecorator.java:227)
	at org.springframework.security.web.ObservationFilterChainDecorator$VirtualFilterChain.doFilter(ObservationFilterChainDecorator.java:137)
	at org.springframework.security.web.session.DisableEncodeUrlFilter.doFilterInternal(DisableEncodeUrlFilter.java:42)
	at org.springframework.web.filter.OncePerRequestFilter.doFilter(OncePerRequestFilter.java:116)
	at org.springframework.security.web.ObservationFilterChainDecorator$ObservationFilter.wrapFilter(ObservationFilterChainDecorator.java:240)
	at org.springframework.security.web.ObservationFilterChainDecorator$AroundFilterObservation$SimpleAroundFilterObservation.lambda$wrap$0(ObservationFilterChainDecorator.java:323)
	at org.springframework.security.web.ObservationFilterChainDecorator$ObservationFilter.doFilter(ObservationFilterChainDecorator.java:224)
	at org.springframework.security.web.ObservationFilterChainDecorator$VirtualFilterChain.doFilter(ObservationFilterChainDecorator.java:137)
	at org.springframework.security.web.FilterChainProxy.doFilterInternal(FilterChainProxy.java:233)
	at org.springframework.security.web.FilterChainProxy.doFilter(FilterChainProxy.java:191)
	at org.springframework.web.filter.DelegatingFilterProxy.invokeDelegate(DelegatingFilterProxy.java:352)
	at org.springframework.web.filter.DelegatingFilterProxy.doFilter(DelegatingFilterProxy.java:268)
	at org.apache.catalina.core.ApplicationFilterChain.internalDoFilter(ApplicationFilterChain.java:174)
	at org.apache.catalina.core.ApplicationFilterChain.doFilter(ApplicationFilterChain.java:149)
	at org.springframework.web.filter.RequestContextFilter.doFilterInternal(RequestContextFilter.java:100)
	at org.springframework.web.filter.OncePerRequestFilter.doFilter(OncePerRequestFilter.java:116)
	at org.apache.catalina.core.ApplicationFilterChain.internalDoFilter(ApplicationFilterChain.java:174)
	at org.apache.catalina.core.ApplicationFilterChain.doFilter(ApplicationFilterChain.java:149)
	at org.springframework.web.filter.FormContentFilter.doFilterInternal(FormContentFilter.java:93)
	at org.springframework.web.filter.OncePerRequestFilter.doFilter(OncePerRequestFilter.java:116)
	at org.apache.catalina.core.ApplicationFilterChain.internalDoFilter(ApplicationFilterChain.java:174)
	at org.apache.catalina.core.ApplicationFilterChain.doFilter(ApplicationFilterChain.java:149)
	at org.springframework.web.filter.ServerHttpObservationFilter.doFilterInternal(ServerHttpObservationFilter.java:109)
	at org.springframework.web.filter.OncePerRequestFilter.doFilter(OncePerRequestFilter.java:116)
	at org.apache.catalina.core.ApplicationFilterChain.internalDoFilter(ApplicationFilterChain.java:174)
	at org.apache.catalina.core.ApplicationFilterChain.doFilter(ApplicationFilterChain.java:149)
	at org.springframework.web.filter.CharacterEncodingFilter.doFilterInternal(CharacterEncodingFilter.java:201)
	at org.springframework.web.filter.OncePerRequestFilter.doFilter(OncePerRequestFilter.java:116)
	at org.apache.catalina.core.ApplicationFilterChain.internalDoFilter(ApplicationFilterChain.java:174)
	at org.apache.catalina.core.ApplicationFilterChain.doFilter(ApplicationFilterChain.java:149)
	at org.apache.catalina.core.StandardWrapperValve.invoke(StandardWrapperValve.java:166)
	at org.apache.catalina.core.StandardContextValve.invoke(StandardContextValve.java:90)
	at org.apache.catalina.authenticator.AuthenticatorBase.invoke(AuthenticatorBase.java:482)
	at org.apache.catalina.core.StandardHostValve.invoke(StandardHostValve.java:115)
	at org.apache.catalina.valves.ErrorReportValve.invoke(ErrorReportValve.java:93)
	at org.apache.catalina.core.StandardEngineValve.invoke(StandardEngineValve.java:74)
	at org.apache.catalina.connector.CoyoteAdapter.service(CoyoteAdapter.java:341)
	at org.apache.coyote.http11.Http11Processor.service(Http11Processor.java:391)
	at org.apache.coyote.AbstractProcessorLight.process(AbstractProcessorLight.java:63)
	at org.apache.coyote.AbstractProtocol$ConnectionHandler.process(AbstractProtocol.java:894)
	at org.apache.tomcat.util.net.NioEndpoint$SocketProcessor.doRun(NioEndpoint.java:1740)
	at org.apache.tomcat.util.net.SocketProcessorBase.run(SocketProcessorBase.java:52)
	at org.apache.tomcat.util.threads.ThreadPoolExecutor.runWorker(ThreadPoolExecutor.java:1191)
	at org.apache.tomcat.util.threads.ThreadPoolExecutor$Worker.run(ThreadPoolExecutor.java:659)
	at org.apache.tomcat.util.threads.TaskThread$WrappingRunnable.run(TaskThread.java:61)
	at java.base/java.lang.Thread.run(Thread.java:842)
2024-11-19 22:44:24 [http-nio-8080-exec-10] INFO  c.d.f.t.RequestLoggingInterceptor - Transaction ID: null | Incoming request: GET /error
2024-11-19 22:44:24 [http-nio-8080-exec-10] INFO  c.d.f.t.RequestLoggingInterceptor - Transaction ID: null | Response status: 500
2024-11-19 22:44:32 [http-nio-8080-exec-3] INFO  c.demo.folder.utils.BlockUserFilter - doFilterInterval 1
2024-11-19 22:44:32 [http-nio-8080-exec-3] INFO  c.demo.folder.utils.BlockUserFilter - doFilterInterval 4
2024-11-19 22:44:32 [http-nio-8080-exec-3] INFO  c.d.f.transaction.TransactionFilter - Starting transaction with ID: f0ee772d-8197-4748-9af3-d5e5e00ae1f0
2024-11-19 22:44:32 [http-nio-8080-exec-3] INFO  c.d.f.t.RequestLoggingInterceptor - Transaction ID: f0ee772d-8197-4748-9af3-d5e5e00ae1f0 | Incoming request: POST /api/trainees
2024-11-19 22:44:32 [http-nio-8080-exec-3] INFO  c.demo.folder.service.TraineeService - Creating new Trainee with first name: string
2024-11-19 22:44:32 [http-nio-8080-exec-3] INFO  c.demo.folder.service.TraineeService - Creating new Trainee with username: string.string-a77b3bb4
2024-11-19 22:44:32 [http-nio-8080-exec-3] INFO  c.d.f.service.LoginAttemptService - Cleared login attempts and locks for user string.string-a77b3bb4
2024-11-19 22:44:32 [http-nio-8080-exec-3] INFO  c.d.f.t.RequestLoggingInterceptor - Transaction ID: f0ee772d-8197-4748-9af3-d5e5e00ae1f0 | Response status: 201
2024-11-19 22:44:32 [http-nio-8080-exec-3] INFO  c.d.f.transaction.TransactionFilter - Transaction with ID: f0ee772d-8197-4748-9af3-d5e5e00ae1f0 completed.
2024-11-19 22:44:37 [http-nio-8080-exec-9] INFO  c.demo.folder.utils.BlockUserFilter - doFilterInterval 1
2024-11-19 22:44:37 [http-nio-8080-exec-9] INFO  c.demo.folder.utils.BlockUserFilter - doFilterInterval 4
2024-11-19 22:44:37 [http-nio-8080-exec-9] INFO  c.d.f.transaction.TransactionFilter - Starting transaction with ID: 454aeca5-6491-4e54-853c-5facdd0bf100
2024-11-19 22:44:37 [http-nio-8080-exec-9] INFO  c.d.f.t.RequestLoggingInterceptor - Transaction ID: 454aeca5-6491-4e54-853c-5facdd0bf100 | Incoming request: GET /api/trainees
2024-11-19 22:44:37 [http-nio-8080-exec-9] INFO  c.demo.folder.service.TraineeService - Fetching all Trainees.
2024-11-19 22:44:37 [http-nio-8080-exec-9] INFO  c.d.f.t.RequestLoggingInterceptor - Transaction ID: 454aeca5-6491-4e54-853c-5facdd0bf100 | Response status: 200
2024-11-19 22:44:37 [http-nio-8080-exec-9] INFO  c.d.f.transaction.TransactionFilter - Transaction with ID: 454aeca5-6491-4e54-853c-5facdd0bf100 completed.
